{"meta": {"format": 3, "version": "7.11.3", "timestamp": "2025-11-17T19:46:57.959902", "branch_coverage": true, "show_contexts": false}, "files": {"src/toonverter/__init__.py": {"executed_lines": [1, 13, 15, 16, 17, 31, 32, 33, 34, 35, 36, 40, 45, 71, 73, 76, 77, 80, 81, 84, 87, 88, 89, 91, 99, 100, 105, 124, 125, 126, 129, 148, 149, 150, 153, 170, 171, 173, 174, 177, 190, 191, 194, 206, 207, 210, 221, 224, 237, 241, 242, 244, 257, 258, 259, 260, 261, 263, 275, 285, 286, 289, 290, 292, 299, 300, 301, 303, 312, 315, 316, 318, 325, 326, 327, 329, 338, 341, 342, 344, 351, 352, 354, 367, 370], "summary": {"covered_lines": 80, "num_statements": 81, "percent_covered": 98.79518072289157, "percent_covered_display": "98.80", "missing_lines": 1, "excluded_lines": 0, "num_branches": 2, "num_partial_branches": 0, "covered_branches": 2, "missing_branches": 0}, "missing_lines": [273], "excluded_lines": [], "executed_branches": [[170, 171], [170, 173]], "missing_branches": [], "functions": {"convert": {"executed_lines": [71, 73, 76, 77, 80, 81, 84, 87, 88, 89, 91, 99, 100], "summary": {"covered_lines": 13, "num_statements": 13, "percent_covered": 100.0, "percent_covered_display": "100.00", "missing_lines": 0, "excluded_lines": 0, "num_branches": 0, "num_partial_branches": 0, "covered_branches": 0, "missing_branches": 0}, "missing_lines": [], "excluded_lines": [], "executed_branches": [], "missing_branches": []}, "encode": {"executed_lines": [124, 125, 126], "summary": {"covered_lines": 3, "num_statements": 3, "percent_covered": 100.0, "percent_covered_display": "100.00", "missing_lines": 0, "excluded_lines": 0, "num_branches": 0, "num_partial_branches": 0, "covered_branches": 0, "missing_branches": 0}, "missing_lines": [], "excluded_lines": [], "executed_branches": [], "missing_branches": []}, "decode": {"executed_lines": [148, 149, 150], "summary": {"covered_lines": 3, "num_statements": 3, "percent_covered": 100.0, "percent_covered_display": "100.00", "missing_lines": 0, "excluded_lines": 0, "num_branches": 0, "num_partial_branches": 0, "covered_branches": 0, "missing_branches": 0}, "missing_lines": [], "excluded_lines": [], "executed_branches": [], "missing_branches": []}, "analyze": {"executed_lines": [170, 171, 173, 174], "summary": {"covered_lines": 4, "num_statements": 4, "percent_covered": 100.0, "percent_covered_display": "100.00", "missing_lines": 0, "excluded_lines": 0, "num_branches": 2, "num_partial_branches": 0, "covered_branches": 2, "missing_branches": 0}, "missing_lines": [], "excluded_lines": [], "executed_branches": [[170, 171], [170, 173]], "missing_branches": []}, "load": {"executed_lines": [190, 191], "summary": {"covered_lines": 2, "num_statements": 2, "percent_covered": 100.0, "percent_covered_display": "100.00", "missing_lines": 0, "excluded_lines": 0, "num_branches": 0, "num_partial_branches": 0, "covered_branches": 0, "missing_branches": 0}, "missing_lines": [], "excluded_lines": [], "executed_branches": [], "missing_branches": []}, "save": {"executed_lines": [206, 207], "summary": {"covered_lines": 2, "num_statements": 2, "percent_covered": 100.0, "percent_covered_display": "100.00", "missing_lines": 0, "excluded_lines": 0, "num_branches": 0, "num_partial_branches": 0, "covered_branches": 0, "missing_branches": 0}, "missing_lines": [], "excluded_lines": [], "executed_branches": [], "missing_branches": []}, "list_formats": {"executed_lines": [221], "summary": {"covered_lines": 1, "num_statements": 1, "percent_covered": 100.0, "percent_covered_display": "100.00", "missing_lines": 0, "excluded_lines": 0, "num_branches": 0, "num_partial_branches": 0, "covered_branches": 0, "missing_branches": 0}, "missing_lines": [], "excluded_lines": [], "executed_branches": [], "missing_branches": []}, "is_supported": {"executed_lines": [237], "summary": {"covered_lines": 1, "num_statements": 1, "percent_covered": 100.0, "percent_covered_display": "100.00", "missing_lines": 0, "excluded_lines": 0, "num_branches": 0, "num_partial_branches": 0, "covered_branches": 0, "missing_branches": 0}, "missing_lines": [], "excluded_lines": [], "executed_branches": [], "missing_branches": []}, "Converter.__init__": {"executed_lines": [257, 258, 259, 260, 261], "summary": {"covered_lines": 5, "num_statements": 5, "percent_covered": 100.0, "percent_covered_display": "100.00", "missing_lines": 0, "excluded_lines": 0, "num_branches": 0, "num_partial_branches": 0, "covered_branches": 0, "missing_branches": 0}, "missing_lines": [], "excluded_lines": [], "executed_branches": [], "missing_branches": []}, "Converter.convert_file": {"executed_lines": [], "summary": {"covered_lines": 0, "num_statements": 1, "percent_covered": 0.0, "percent_covered_display": "0.00", "missing_lines": 1, "excluded_lines": 0, "num_branches": 0, "num_partial_branches": 0, "covered_branches": 0, "missing_branches": 0}, "missing_lines": [273], "excluded_lines": [], "executed_branches": [], "missing_branches": []}, "Converter.convert_data": {"executed_lines": [285, 286], "summary": {"covered_lines": 2, "num_statements": 2, "percent_covered": 100.0, "percent_covered_display": "100.00", "missing_lines": 0, "excluded_lines": 0, "num_branches": 0, "num_partial_branches": 0, "covered_branches": 0, "missing_branches": 0}, "missing_lines": [], "excluded_lines": [], "executed_branches": [], "missing_branches": []}, "Encoder.__init__": {"executed_lines": [299, 300, 301], "summary": {"covered_lines": 3, "num_statements": 3, "percent_covered": 100.0, "percent_covered_display": "100.00", "missing_lines": 0, "excluded_lines": 0, "num_branches": 0, "num_partial_branches": 0, "covered_branches": 0, "missing_branches": 0}, "missing_lines": [], "excluded_lines": [], "executed_branches": [], "missing_branches": []}, "Encoder.encode": {"executed_lines": [312], "summary": {"covered_lines": 1, "num_statements": 1, "percent_covered": 100.0, "percent_covered_display": "100.00", "missing_lines": 0, "excluded_lines": 0, "num_branches": 0, "num_partial_branches": 0, "covered_branches": 0, "missing_branches": 0}, "missing_lines": [], "excluded_lines": [], "executed_branches": [], "missing_branches": []}, "Decoder.__init__": {"executed_lines": [325, 326, 327], "summary": {"covered_lines": 3, "num_statements": 3, "percent_covered": 100.0, "percent_covered_display": "100.00", "missing_lines": 0, "excluded_lines": 0, "num_branches": 0, "num_partial_branches": 0, "covered_branches": 0, "missing_branches": 0}, "missing_lines": [], "excluded_lines": [], "executed_branches": [], "missing_branches": []}, "Decoder.decode": {"executed_lines": [338], "summary": {"covered_lines": 1, "num_statements": 1, "percent_covered": 100.0, "percent_covered_display": "100.00", "missing_lines": 0, "excluded_lines": 0, "num_branches": 0, "num_partial_branches": 0, "covered_branches": 0, "missing_branches": 0}, "missing_lines": [], "excluded_lines": [], "executed_branches": [], "missing_branches": []}, "Analyzer.__init__": {"executed_lines": [351, 352], "summary": {"covered_lines": 2, "num_statements": 2, "percent_covered": 100.0, "percent_covered_display": "100.00", "missing_lines": 0, "excluded_lines": 0, "num_branches": 0, "num_partial_branches": 0, "covered_branches": 0, "missing_branches": 0}, "missing_lines": [], "excluded_lines": [], "executed_branches": [], "missing_branches": []}, "Analyzer.analyze_multi_format": {"executed_lines": [367], "summary": {"covered_lines": 1, "num_statements": 1, "percent_covered": 100.0, "percent_covered_display": "100.00", "missing_lines": 0, "excluded_lines": 0, "num_branches": 0, "num_partial_branches": 0, "covered_branches": 0, "missing_branches": 0}, "missing_lines": [], "excluded_lines": [], "executed_branches": [], "missing_branches": []}, "": {"executed_lines": [1, 13, 15, 16, 17, 31, 32, 33, 34, 35, 36, 40, 45, 105, 129, 153, 177, 194, 210, 224, 241, 242, 244, 263, 275, 289, 290, 292, 303, 315, 316, 318, 329, 341, 342, 344, 354, 370], "summary": {"covered_lines": 33, "num_statements": 33, "percent_covered": 100.0, "percent_covered_display": "100.00", "missing_lines": 0, "excluded_lines": 0, "num_branches": 0, "num_partial_branches": 0, "covered_branches": 0, "missing_branches": 0}, "missing_lines": [], "excluded_lines": [], "executed_branches": [], "missing_branches": []}}, "classes": {"Converter": {"executed_lines": [257, 258, 259, 260, 261, 285, 286], "summary": {"covered_lines": 7, "num_statements": 8, "percent_covered": 87.5, "percent_covered_display": "87.50", "missing_lines": 1, "excluded_lines": 0, "num_branches": 0, "num_partial_branches": 0, "covered_branches": 0, "missing_branches": 0}, "missing_lines": [273], "excluded_lines": [], "executed_branches": [], "missing_branches": []}, "Encoder": {"executed_lines": [299, 300, 301, 312], "summary": {"covered_lines": 4, "num_statements": 4, "percent_covered": 100.0, "percent_covered_display": "100.00", "missing_lines": 0, "excluded_lines": 0, "num_branches": 0, "num_partial_branches": 0, "covered_branches": 0, "missing_branches": 0}, "missing_lines": [], "excluded_lines": [], "executed_branches": [], "missing_branches": []}, "Decoder": {"executed_lines": [325, 326, 327, 338], "summary": {"covered_lines": 4, "num_statements": 4, "percent_covered": 100.0, "percent_covered_display": "100.00", "missing_lines": 0, "excluded_lines": 0, "num_branches": 0, "num_partial_branches": 0, "covered_branches": 0, "missing_branches": 0}, "missing_lines": [], "excluded_lines": [], "executed_branches": [], "missing_branches": []}, "Analyzer": {"executed_lines": [351, 352, 367], "summary": {"covered_lines": 3, "num_statements": 3, "percent_covered": 100.0, "percent_covered_display": "100.00", "missing_lines": 0, "excluded_lines": 0, "num_branches": 0, "num_partial_branches": 0, "covered_branches": 0, "missing_branches": 0}, "missing_lines": [], "excluded_lines": [], "executed_branches": [], "missing_branches": []}, "": {"executed_lines": [1, 13, 15, 16, 17, 31, 32, 33, 34, 35, 36, 40, 45, 71, 73, 76, 77, 80, 81, 84, 87, 88, 89, 91, 99, 100, 105, 124, 125, 126, 129, 148, 149, 150, 153, 170, 171, 173, 174, 177, 190, 191, 194, 206, 207, 210, 221, 224, 237, 241, 242, 244, 263, 275, 289, 290, 292, 303, 315, 316, 318, 329, 341, 342, 344, 354, 370], "summary": {"covered_lines": 62, "num_statements": 62, "percent_covered": 100.0, "percent_covered_display": "100.00", "missing_lines": 0, "excluded_lines": 0, "num_branches": 2, "num_partial_branches": 0, "covered_branches": 2, "missing_branches": 0}, "missing_lines": [], "excluded_lines": [], "executed_branches": [[170, 171], [170, 173]], "missing_branches": []}}}, "src/toonverter/__version__.py": {"executed_lines": [1, 3, 4, 5], "summary": {"covered_lines": 3, "num_statements": 3, "percent_covered": 100.0, "percent_covered_display": "100.00", "missing_lines": 0, "excluded_lines": 0, "num_branches": 0, "num_partial_branches": 0, "covered_branches": 0, "missing_branches": 0}, "missing_lines": [], "excluded_lines": [], "executed_branches": [], "missing_branches": [], "functions": {"": {"executed_lines": [1, 3, 4, 5], "summary": {"covered_lines": 3, "num_statements": 3, "percent_covered": 100.0, "percent_covered_display": "100.00", "missing_lines": 0, "excluded_lines": 0, "num_branches": 0, "num_partial_branches": 0, "covered_branches": 0, "missing_branches": 0}, "missing_lines": [], "excluded_lines": [], "executed_branches": [], "missing_branches": []}}, "classes": {"": {"executed_lines": [1, 3, 4, 5], "summary": {"covered_lines": 3, "num_statements": 3, "percent_covered": 100.0, "percent_covered_display": "100.00", "missing_lines": 0, "excluded_lines": 0, "num_branches": 0, "num_partial_branches": 0, "covered_branches": 0, "missing_branches": 0}, "missing_lines": [], "excluded_lines": [], "executed_branches": [], "missing_branches": []}}}, "src/toonverter/analysis/__init__.py": {"executed_lines": [1, 3, 4, 5, 8], "summary": {"covered_lines": 4, "num_statements": 4, "percent_covered": 100.0, "percent_covered_display": "100.00", "missing_lines": 0, "excluded_lines": 0, "num_branches": 0, "num_partial_branches": 0, "covered_branches": 0, "missing_branches": 0}, "missing_lines": [], "excluded_lines": [], "executed_branches": [], "missing_branches": [], "functions": {"": {"executed_lines": [1, 3, 4, 5, 8], "summary": {"covered_lines": 4, "num_statements": 4, "percent_covered": 100.0, "percent_covered_display": "100.00", "missing_lines": 0, "excluded_lines": 0, "num_branches": 0, "num_partial_branches": 0, "covered_branches": 0, "missing_branches": 0}, "missing_lines": [], "excluded_lines": [], "executed_branches": [], "missing_branches": []}}, "classes": {"": {"executed_lines": [1, 3, 4, 5, 8], "summary": {"covered_lines": 4, "num_statements": 4, "percent_covered": 100.0, "percent_covered_display": "100.00", "missing_lines": 0, "excluded_lines": 0, "num_branches": 0, "num_partial_branches": 0, "covered_branches": 0, "missing_branches": 0}, "missing_lines": [], "excluded_lines": [], "executed_branches": [], "missing_branches": []}}}, "src/toonverter/analysis/analyzer.py": {"executed_lines": [1, 3, 5, 7, 8, 9, 12, 13, 19, 29, 35, 36, 38, 39, 44, 54, 55, 58, 59, 60, 61, 62, 65, 67, 68, 74, 76, 88, 89, 91, 92, 93, 98, 111, 113, 126, 140, 141, 144, 160, 161], "summary": {"covered_lines": 39, "num_statements": 45, "percent_covered": 87.75510204081633, "percent_covered_display": "87.76", "missing_lines": 6, "excluded_lines": 0, "num_branches": 4, "num_partial_branches": 0, "covered_branches": 4, "missing_branches": 0}, "missing_lines": [40, 41, 42, 94, 95, 96], "excluded_lines": [], "executed_branches": [[54, 55], [54, 58], [88, 89], [88, 91]], "missing_branches": [], "functions": {"TiktokenCounter.__init__": {"executed_lines": [35, 36, 38, 39], "summary": {"covered_lines": 4, "num_statements": 7, "percent_covered": 57.142857142857146, "percent_covered_display": "57.14", "missing_lines": 3, "excluded_lines": 0, "num_branches": 0, "num_partial_branches": 0, "covered_branches": 0, "missing_branches": 0}, "missing_lines": [40, 41, 42], "excluded_lines": [], "executed_branches": [], "missing_branches": []}, "TiktokenCounter._get_encoding_name": {"executed_lines": [54, 55, 58, 59, 60, 61, 62, 65], "summary": {"covered_lines": 8, "num_statements": 8, "percent_covered": 100.0, "percent_covered_display": "100.00", "missing_lines": 0, "excluded_lines": 0, "num_branches": 2, "num_partial_branches": 0, "covered_branches": 2, "missing_branches": 0}, "missing_lines": [], "excluded_lines": [], "executed_branches": [[54, 55], [54, 58]], "missing_branches": []}, "TiktokenCounter.model_name": {"executed_lines": [74], "summary": {"covered_lines": 1, "num_statements": 1, "percent_covered": 100.0, "percent_covered_display": "100.00", "missing_lines": 0, "excluded_lines": 0, "num_branches": 0, "num_partial_branches": 0, "covered_branches": 0, "missing_branches": 0}, "missing_lines": [], "excluded_lines": [], "executed_branches": [], "missing_branches": []}, "TiktokenCounter.count_tokens": {"executed_lines": [88, 89, 91, 92, 93], "summary": {"covered_lines": 5, "num_statements": 8, "percent_covered": 70.0, "percent_covered_display": "70.00", "missing_lines": 3, "excluded_lines": 0, "num_branches": 2, "num_partial_branches": 0, "covered_branches": 2, "missing_branches": 0}, "missing_lines": [94, 95, 96], "excluded_lines": [], "executed_branches": [[88, 89], [88, 91]], "missing_branches": []}, "TiktokenCounter.analyze": {"executed_lines": [111, 113], "summary": {"covered_lines": 2, "num_statements": 2, "percent_covered": 100.0, "percent_covered_display": "100.00", "missing_lines": 0, "excluded_lines": 0, "num_branches": 0, "num_partial_branches": 0, "covered_branches": 0, "missing_branches": 0}, "missing_lines": [], "excluded_lines": [], "executed_branches": [], "missing_branches": []}, "count_tokens": {"executed_lines": [140, 141], "summary": {"covered_lines": 2, "num_statements": 2, "percent_covered": 100.0, "percent_covered_display": "100.00", "missing_lines": 0, "excluded_lines": 0, "num_branches": 0, "num_partial_branches": 0, "covered_branches": 0, "missing_branches": 0}, "missing_lines": [], "excluded_lines": [], "executed_branches": [], "missing_branches": []}, "analyze_text": {"executed_lines": [160, 161], "summary": {"covered_lines": 2, "num_statements": 2, "percent_covered": 100.0, "percent_covered_display": "100.00", "missing_lines": 0, "excluded_lines": 0, "num_branches": 0, "num_partial_branches": 0, "covered_branches": 0, "missing_branches": 0}, "missing_lines": [], "excluded_lines": [], "executed_branches": [], "missing_branches": []}, "": {"executed_lines": [1, 3, 5, 7, 8, 9, 12, 13, 19, 29, 44, 67, 68, 76, 98, 126, 144], "summary": {"covered_lines": 15, "num_statements": 15, "percent_covered": 100.0, "percent_covered_display": "100.00", "missing_lines": 0, "excluded_lines": 0, "num_branches": 0, "num_partial_branches": 0, "covered_branches": 0, "missing_branches": 0}, "missing_lines": [], "excluded_lines": [], "executed_branches": [], "missing_branches": []}}, "classes": {"TiktokenCounter": {"executed_lines": [35, 36, 38, 39, 54, 55, 58, 59, 60, 61, 62, 65, 74, 88, 89, 91, 92, 93, 111, 113], "summary": {"covered_lines": 20, "num_statements": 26, "percent_covered": 80.0, "percent_covered_display": "80.00", "missing_lines": 6, "excluded_lines": 0, "num_branches": 4, "num_partial_branches": 0, "covered_branches": 4, "missing_branches": 0}, "missing_lines": [40, 41, 42, 94, 95, 96], "excluded_lines": [], "executed_branches": [[54, 55], [54, 58], [88, 89], [88, 91]], "missing_branches": []}, "": {"executed_lines": [1, 3, 5, 7, 8, 9, 12, 13, 19, 29, 44, 67, 68, 76, 98, 126, 140, 141, 144, 160, 161], "summary": {"covered_lines": 19, "num_statements": 19, "percent_covered": 100.0, "percent_covered_display": "100.00", "missing_lines": 0, "excluded_lines": 0, "num_branches": 0, "num_partial_branches": 0, "covered_branches": 0, "missing_branches": 0}, "missing_lines": [], "excluded_lines": [], "executed_branches": [], "missing_branches": []}}}, "src/toonverter/analysis/comparator.py": {"executed_lines": [1, 3, 5, 6, 7, 9, 12, 13, 15, 21, 22, 24, 43, 44, 46, 47, 48, 49, 51, 52, 55, 58, 59, 62, 63, 66, 68, 75, 84, 85, 87, 88, 89, 91, 93, 97, 98, 103, 104, 105, 108, 109, 110, 111, 115, 118, 141, 142], "summary": {"covered_lines": 46, "num_statements": 46, "percent_covered": 98.33333333333333, "percent_covered_display": "98.33", "missing_lines": 0, "excluded_lines": 0, "num_branches": 14, "num_partial_branches": 1, "covered_branches": 13, "missing_branches": 1}, "missing_lines": [], "excluded_lines": [], "executed_branches": [[46, 47], [46, 62], [47, 48], [47, 51], [84, 85], [84, 87], [97, 98], [97, 103], [104, 105], [104, 108], [109, 110], [109, 115], [110, 111]], "missing_branches": [[110, 115]], "functions": {"FormatComparator.__init__": {"executed_lines": [21, 22], "summary": {"covered_lines": 2, "num_statements": 2, "percent_covered": 100.0, "percent_covered_display": "100.00", "missing_lines": 0, "excluded_lines": 0, "num_branches": 0, "num_partial_branches": 0, "covered_branches": 0, "missing_branches": 0}, "missing_lines": [], "excluded_lines": [], "executed_branches": [], "missing_branches": []}, "FormatComparator.compare_formats": {"executed_lines": [43, 44, 46, 47, 48, 49, 51, 52, 55, 58, 59, 62, 63, 66, 68], "summary": {"covered_lines": 15, "num_statements": 15, "percent_covered": 100.0, "percent_covered_display": "100.00", "missing_lines": 0, "excluded_lines": 0, "num_branches": 4, "num_partial_branches": 0, "covered_branches": 4, "missing_branches": 0}, "missing_lines": [], "excluded_lines": [], "executed_branches": [[46, 47], [46, 62], [47, 48], [47, 51]], "missing_branches": []}, "FormatComparator._generate_recommendations": {"executed_lines": [84, 85, 87, 88, 89, 91, 93, 97, 98, 103, 104, 105, 108, 109, 110, 111, 115], "summary": {"covered_lines": 17, "num_statements": 17, "percent_covered": 96.29629629629629, "percent_covered_display": "96.30", "missing_lines": 0, "excluded_lines": 0, "num_branches": 10, "num_partial_branches": 1, "covered_branches": 9, "missing_branches": 1}, "missing_lines": [], "excluded_lines": [], "executed_branches": [[84, 85], [84, 87], [97, 98], [97, 103], [104, 105], [104, 108], [109, 110], [109, 115], [110, 111]], "missing_branches": [[110, 115]]}, "compare": {"executed_lines": [141, 142], "summary": {"covered_lines": 2, "num_statements": 2, "percent_covered": 100.0, "percent_covered_display": "100.00", "missing_lines": 0, "excluded_lines": 0, "num_branches": 0, "num_partial_branches": 0, "covered_branches": 0, "missing_branches": 0}, "missing_lines": [], "excluded_lines": [], "executed_branches": [], "missing_branches": []}, "": {"executed_lines": [1, 3, 5, 6, 7, 9, 12, 13, 15, 24, 75, 118], "summary": {"covered_lines": 10, "num_statements": 10, "percent_covered": 100.0, "percent_covered_display": "100.00", "missing_lines": 0, "excluded_lines": 0, "num_branches": 0, "num_partial_branches": 0, "covered_branches": 0, "missing_branches": 0}, "missing_lines": [], "excluded_lines": [], "executed_branches": [], "missing_branches": []}}, "classes": {"FormatComparator": {"executed_lines": [21, 22, 43, 44, 46, 47, 48, 49, 51, 52, 55, 58, 59, 62, 63, 66, 68, 84, 85, 87, 88, 89, 91, 93, 97, 98, 103, 104, 105, 108, 109, 110, 111, 115], "summary": {"covered_lines": 34, "num_statements": 34, "percent_covered": 97.91666666666667, "percent_covered_display": "97.92", "missing_lines": 0, "excluded_lines": 0, "num_branches": 14, "num_partial_branches": 1, "covered_branches": 13, "missing_branches": 1}, "missing_lines": [], "excluded_lines": [], "executed_branches": [[46, 47], [46, 62], [47, 48], [47, 51], [84, 85], [84, 87], [97, 98], [97, 103], [104, 105], [104, 108], [109, 110], [109, 115], [110, 111]], "missing_branches": [[110, 115]]}, "": {"executed_lines": [1, 3, 5, 6, 7, 9, 12, 13, 15, 24, 75, 118, 141, 142], "summary": {"covered_lines": 12, "num_statements": 12, "percent_covered": 100.0, "percent_covered_display": "100.00", "missing_lines": 0, "excluded_lines": 0, "num_branches": 0, "num_partial_branches": 0, "covered_branches": 0, "missing_branches": 0}, "missing_lines": [], "excluded_lines": [], "executed_branches": [], "missing_branches": []}}}, "src/toonverter/analysis/reporter.py": {"executed_lines": [1, 3, 5, 8, 9, 11, 12, 21, 28, 29, 30, 31, 33, 35, 36, 46, 49, 50, 52, 54, 55, 56, 57, 61, 62, 63, 64, 67, 68, 69, 70, 71, 74, 75, 76, 77, 78, 79, 80, 82, 84, 85, 94, 112, 123, 125, 126, 127], "summary": {"covered_lines": 46, "num_statements": 46, "percent_covered": 100.0, "percent_covered_display": "100.00", "missing_lines": 0, "excluded_lines": 0, "num_branches": 16, "num_partial_branches": 0, "covered_branches": 16, "missing_branches": 0}, "missing_lines": [], "excluded_lines": [], "executed_branches": [[28, 29], [28, 33], [30, 31], [30, 33], [54, 55], [54, 61], [67, 68], [67, 74], [70, 71], [70, 74], [74, 75], [74, 82], [78, 79], [78, 82], [125, 126], [125, 127]], "missing_branches": [], "functions": {"ReportFormatter.format_analysis": {"executed_lines": [21, 28, 29, 30, 31, 33], "summary": {"covered_lines": 6, "num_statements": 6, "percent_covered": 100.0, "percent_covered_display": "100.00", "missing_lines": 0, "excluded_lines": 0, "num_branches": 4, "num_partial_branches": 0, "covered_branches": 4, "missing_branches": 0}, "missing_lines": [], "excluded_lines": [], "executed_branches": [[28, 29], [28, 33], [30, 31], [30, 33]], "missing_branches": []}, "ReportFormatter.format_comparison": {"executed_lines": [46, 49, 50, 52, 54, 55, 56, 57, 61, 62, 63, 64, 67, 68, 69, 70, 71, 74, 75, 76, 77, 78, 79, 80, 82], "summary": {"covered_lines": 25, "num_statements": 25, "percent_covered": 100.0, "percent_covered_display": "100.00", "missing_lines": 0, "excluded_lines": 0, "num_branches": 10, "num_partial_branches": 0, "covered_branches": 10, "missing_branches": 0}, "missing_lines": [], "excluded_lines": [], "executed_branches": [[54, 55], [54, 61], [67, 68], [67, 74], [70, 71], [70, 74], [74, 75], [74, 82], [78, 79], [78, 82]], "missing_branches": []}, "ReportFormatter.format_json": {"executed_lines": [94], "summary": {"covered_lines": 1, "num_statements": 1, "percent_covered": 100.0, "percent_covered_display": "100.00", "missing_lines": 0, "excluded_lines": 0, "num_branches": 0, "num_partial_branches": 0, "covered_branches": 0, "missing_branches": 0}, "missing_lines": [], "excluded_lines": [], "executed_branches": [], "missing_branches": []}, "format_report": {"executed_lines": [123, 125, 126, 127], "summary": {"covered_lines": 4, "num_statements": 4, "percent_covered": 100.0, "percent_covered_display": "100.00", "missing_lines": 0, "excluded_lines": 0, "num_branches": 2, "num_partial_branches": 0, "covered_branches": 2, "missing_branches": 0}, "missing_lines": [], "excluded_lines": [], "executed_branches": [[125, 126], [125, 127]], "missing_branches": []}, "": {"executed_lines": [1, 3, 5, 8, 9, 11, 12, 35, 36, 84, 85, 112], "summary": {"covered_lines": 10, "num_statements": 10, "percent_covered": 100.0, "percent_covered_display": "100.00", "missing_lines": 0, "excluded_lines": 0, "num_branches": 0, "num_partial_branches": 0, "covered_branches": 0, "missing_branches": 0}, "missing_lines": [], "excluded_lines": [], "executed_branches": [], "missing_branches": []}}, "classes": {"ReportFormatter": {"executed_lines": [21, 28, 29, 30, 31, 33, 46, 49, 50, 52, 54, 55, 56, 57, 61, 62, 63, 64, 67, 68, 69, 70, 71, 74, 75, 76, 77, 78, 79, 80, 82, 94], "summary": {"covered_lines": 32, "num_statements": 32, "percent_covered": 100.0, "percent_covered_display": "100.00", "missing_lines": 0, "excluded_lines": 0, "num_branches": 14, "num_partial_branches": 0, "covered_branches": 14, "missing_branches": 0}, "missing_lines": [], "excluded_lines": [], "executed_branches": [[28, 29], [28, 33], [30, 31], [30, 33], [54, 55], [54, 61], [67, 68], [67, 74], [70, 71], [70, 74], [74, 75], [74, 82], [78, 79], [78, 82]], "missing_branches": []}, "": {"executed_lines": [1, 3, 5, 8, 9, 11, 12, 35, 36, 84, 85, 112, 123, 125, 126, 127], "summary": {"covered_lines": 14, "num_statements": 14, "percent_covered": 100.0, "percent_covered_display": "100.00", "missing_lines": 0, "excluded_lines": 0, "num_branches": 2, "num_partial_branches": 0, "covered_branches": 2, "missing_branches": 0}, "missing_lines": [], "excluded_lines": [], "executed_branches": [[125, 126], [125, 127]], "missing_branches": []}}}, "src/toonverter/core/__init__.py": {"executed_lines": [1, 7, 18, 19, 20, 31], "summary": {"covered_lines": 5, "num_statements": 5, "percent_covered": 100.0, "percent_covered_display": "100.00", "missing_lines": 0, "excluded_lines": 0, "num_branches": 0, "num_partial_branches": 0, "covered_branches": 0, "missing_branches": 0}, "missing_lines": [], "excluded_lines": [], "executed_branches": [], "missing_branches": [], "functions": {"": {"executed_lines": [1, 7, 18, 19, 20, 31], "summary": {"covered_lines": 5, "num_statements": 5, "percent_covered": 100.0, "percent_covered_display": "100.00", "missing_lines": 0, "excluded_lines": 0, "num_branches": 0, "num_partial_branches": 0, "covered_branches": 0, "missing_branches": 0}, "missing_lines": [], "excluded_lines": [], "executed_branches": [], "missing_branches": []}}, "classes": {"": {"executed_lines": [1, 7, 18, 19, 20, 31], "summary": {"covered_lines": 5, "num_statements": 5, "percent_covered": 100.0, "percent_covered_display": "100.00", "missing_lines": 0, "excluded_lines": 0, "num_branches": 0, "num_partial_branches": 0, "covered_branches": 0, "missing_branches": 0}, "missing_lines": [], "excluded_lines": [], "executed_branches": [], "missing_branches": []}}}, "src/toonverter/core/exceptions.py": {"executed_lines": [1, 4, 5, 8, 9, 12, 13, 16, 17, 20, 21, 24, 25, 28, 29, 32, 33, 36, 37], "summary": {"covered_lines": 9, "num_statements": 9, "percent_covered": 100.0, "percent_covered_display": "100.00", "missing_lines": 0, "excluded_lines": 0, "num_branches": 0, "num_partial_branches": 0, "covered_branches": 0, "missing_branches": 0}, "missing_lines": [], "excluded_lines": [], "executed_branches": [], "missing_branches": [], "functions": {"": {"executed_lines": [1, 4, 5, 8, 9, 12, 13, 16, 17, 20, 21, 24, 25, 28, 29, 32, 33, 36, 37], "summary": {"covered_lines": 9, "num_statements": 9, "percent_covered": 100.0, "percent_covered_display": "100.00", "missing_lines": 0, "excluded_lines": 0, "num_branches": 0, "num_partial_branches": 0, "covered_branches": 0, "missing_branches": 0}, "missing_lines": [], "excluded_lines": [], "executed_branches": [], "missing_branches": []}}, "classes": {"ToonConverterError": {"executed_lines": [], "summary": {"covered_lines": 0, "num_statements": 0, "percent_covered": 100.0, "percent_covered_display": "100.00", "missing_lines": 0, "excluded_lines": 0, "num_branches": 0, "num_partial_branches": 0, "covered_branches": 0, "missing_branches": 0}, "missing_lines": [], "excluded_lines": [], "executed_branches": [], "missing_branches": []}, "ConversionError": {"executed_lines": [], "summary": {"covered_lines": 0, "num_statements": 0, "percent_covered": 100.0, "percent_covered_display": "100.00", "missing_lines": 0, "excluded_lines": 0, "num_branches": 0, "num_partial_branches": 0, "covered_branches": 0, "missing_branches": 0}, "missing_lines": [], "excluded_lines": [], "executed_branches": [], "missing_branches": []}, "EncodingError": {"executed_lines": [], "summary": {"covered_lines": 0, "num_statements": 0, "percent_covered": 100.0, "percent_covered_display": "100.00", "missing_lines": 0, "excluded_lines": 0, "num_branches": 0, "num_partial_branches": 0, "covered_branches": 0, "missing_branches": 0}, "missing_lines": [], "excluded_lines": [], "executed_branches": [], "missing_branches": []}, "DecodingError": {"executed_lines": [], "summary": {"covered_lines": 0, "num_statements": 0, "percent_covered": 100.0, "percent_covered_display": "100.00", "missing_lines": 0, "excluded_lines": 0, "num_branches": 0, "num_partial_branches": 0, "covered_branches": 0, "missing_branches": 0}, "missing_lines": [], "excluded_lines": [], "executed_branches": [], "missing_branches": []}, "ValidationError": {"executed_lines": [], "summary": {"covered_lines": 0, "num_statements": 0, "percent_covered": 100.0, "percent_covered_display": "100.00", "missing_lines": 0, "excluded_lines": 0, "num_branches": 0, "num_partial_branches": 0, "covered_branches": 0, "missing_branches": 0}, "missing_lines": [], "excluded_lines": [], "executed_branches": [], "missing_branches": []}, "FormatNotSupportedError": {"executed_lines": [], "summary": {"covered_lines": 0, "num_statements": 0, "percent_covered": 100.0, "percent_covered_display": "100.00", "missing_lines": 0, "excluded_lines": 0, "num_branches": 0, "num_partial_branches": 0, "covered_branches": 0, "missing_branches": 0}, "missing_lines": [], "excluded_lines": [], "executed_branches": [], "missing_branches": []}, "PluginError": {"executed_lines": [], "summary": {"covered_lines": 0, "num_statements": 0, "percent_covered": 100.0, "percent_covered_display": "100.00", "missing_lines": 0, "excluded_lines": 0, "num_branches": 0, "num_partial_branches": 0, "covered_branches": 0, "missing_branches": 0}, "missing_lines": [], "excluded_lines": [], "executed_branches": [], "missing_branches": []}, "TokenCountError": {"executed_lines": [], "summary": {"covered_lines": 0, "num_statements": 0, "percent_covered": 100.0, "percent_covered_display": "100.00", "missing_lines": 0, "excluded_lines": 0, "num_branches": 0, "num_partial_branches": 0, "covered_branches": 0, "missing_branches": 0}, "missing_lines": [], "excluded_lines": [], "executed_branches": [], "missing_branches": []}, "FileOperationError": {"executed_lines": [], "summary": {"covered_lines": 0, "num_statements": 0, "percent_covered": 100.0, "percent_covered_display": "100.00", "missing_lines": 0, "excluded_lines": 0, "num_branches": 0, "num_partial_branches": 0, "covered_branches": 0, "missing_branches": 0}, "missing_lines": [], "excluded_lines": [], "executed_branches": [], "missing_branches": []}, "": {"executed_lines": [1, 4, 5, 8, 9, 12, 13, 16, 17, 20, 21, 24, 25, 28, 29, 32, 33, 36, 37], "summary": {"covered_lines": 9, "num_statements": 9, "percent_covered": 100.0, "percent_covered_display": "100.00", "missing_lines": 0, "excluded_lines": 0, "num_branches": 0, "num_partial_branches": 0, "covered_branches": 0, "missing_branches": 0}, "missing_lines": [], "excluded_lines": [], "executed_branches": [], "missing_branches": []}}}, "src/toonverter/core/interfaces.py": {"executed_lines": [1, 7, 8, 10, 13, 14, 20, 21, 22, 29, 30, 44, 45, 59, 60, 70, 79, 80, 82, 83, 84, 91, 92, 105, 106, 121, 122, 128, 129, 130, 137, 138, 139, 146, 147, 157, 160, 164, 165, 170, 171, 182, 183, 196, 197, 207, 208, 215, 216], "summary": {"covered_lines": 10, "num_statements": 11, "percent_covered": 90.9090909090909, "percent_covered_display": "90.91", "missing_lines": 1, "excluded_lines": 158, "num_branches": 0, "num_partial_branches": 0, "covered_branches": 0, "missing_branches": 0}, "missing_lines": [76], "excluded_lines": [20, 21, 22, 23, 24, 25, 26, 27, 29, 30, 31, 32, 33, 34, 35, 36, 37, 38, 39, 40, 41, 42, 44, 45, 46, 47, 48, 49, 50, 51, 52, 53, 54, 55, 56, 57, 59, 60, 61, 62, 63, 64, 65, 66, 67, 68, 82, 83, 84, 85, 86, 87, 88, 89, 91, 92, 93, 94, 95, 96, 97, 98, 99, 100, 101, 102, 103, 105, 106, 107, 108, 109, 110, 111, 112, 113, 114, 115, 116, 117, 118, 128, 129, 130, 131, 132, 133, 134, 135, 137, 138, 139, 140, 141, 142, 143, 144, 146, 147, 148, 149, 150, 151, 152, 153, 154, 155, 170, 171, 172, 173, 174, 175, 176, 177, 178, 179, 180, 182, 183, 184, 185, 186, 187, 188, 189, 190, 191, 192, 193, 194, 196, 197, 198, 199, 200, 201, 202, 203, 204, 205, 207, 208, 209, 210, 211, 212, 213, 215, 216, 217, 218, 219, 220, 221, 222, 223, 224], "executed_branches": [], "missing_branches": [], "functions": {"FormatAdapter.format_name": {"executed_lines": [], "summary": {"covered_lines": 0, "num_statements": 0, "percent_covered": 100.0, "percent_covered_display": "100.00", "missing_lines": 0, "excluded_lines": 5, "num_branches": 0, "num_partial_branches": 0, "covered_branches": 0, "missing_branches": 0}, "missing_lines": [], "excluded_lines": [23, 24, 25, 26, 27], "executed_branches": [], "missing_branches": []}, "FormatAdapter.encode": {"executed_lines": [], "summary": {"covered_lines": 0, "num_statements": 0, "percent_covered": 100.0, "percent_covered_display": "100.00", "missing_lines": 0, "excluded_lines": 12, "num_branches": 0, "num_partial_branches": 0, "covered_branches": 0, "missing_branches": 0}, "missing_lines": [], "excluded_lines": [31, 32, 33, 34, 35, 36, 37, 38, 39, 40, 41, 42], "executed_branches": [], "missing_branches": []}, "FormatAdapter.decode": {"executed_lines": [], "summary": {"covered_lines": 0, "num_statements": 0, "percent_covered": 100.0, "percent_covered_display": "100.00", "missing_lines": 0, "excluded_lines": 12, "num_branches": 0, "num_partial_branches": 0, "covered_branches": 0, "missing_branches": 0}, "missing_lines": [], "excluded_lines": [46, 47, 48, 49, 50, 51, 52, 53, 54, 55, 56, 57], "executed_branches": [], "missing_branches": []}, "FormatAdapter.validate": {"executed_lines": [], "summary": {"covered_lines": 0, "num_statements": 0, "percent_covered": 100.0, "percent_covered_display": "100.00", "missing_lines": 0, "excluded_lines": 8, "num_branches": 0, "num_partial_branches": 0, "covered_branches": 0, "missing_branches": 0}, "missing_lines": [], "excluded_lines": [61, 62, 63, 64, 65, 66, 67, 68], "executed_branches": [], "missing_branches": []}, "FormatAdapter.supports_streaming": {"executed_lines": [], "summary": {"covered_lines": 0, "num_statements": 1, "percent_covered": 0.0, "percent_covered_display": "0.00", "missing_lines": 1, "excluded_lines": 0, "num_branches": 0, "num_partial_branches": 0, "covered_branches": 0, "missing_branches": 0}, "missing_lines": [76], "excluded_lines": [], "executed_branches": [], "missing_branches": []}, "TokenCounter.model_name": {"executed_lines": [], "summary": {"covered_lines": 0, "num_statements": 0, "percent_covered": 100.0, "percent_covered_display": "100.00", "missing_lines": 0, "excluded_lines": 5, "num_branches": 0, "num_partial_branches": 0, "covered_branches": 0, "missing_branches": 0}, "missing_lines": [], "excluded_lines": [85, 86, 87, 88, 89], "executed_branches": [], "missing_branches": []}, "TokenCounter.count_tokens": {"executed_lines": [], "summary": {"covered_lines": 0, "num_statements": 0, "percent_covered": 100.0, "percent_covered_display": "100.00", "missing_lines": 0, "excluded_lines": 11, "num_branches": 0, "num_partial_branches": 0, "covered_branches": 0, "missing_branches": 0}, "missing_lines": [], "excluded_lines": [93, 94, 95, 96, 97, 98, 99, 100, 101, 102, 103], "executed_branches": [], "missing_branches": []}, "TokenCounter.analyze": {"executed_lines": [], "summary": {"covered_lines": 0, "num_statements": 0, "percent_covered": 100.0, "percent_covered_display": "100.00", "missing_lines": 0, "excluded_lines": 12, "num_branches": 0, "num_partial_branches": 0, "covered_branches": 0, "missing_branches": 0}, "missing_lines": [], "excluded_lines": [107, 108, 109, 110, 111, 112, 113, 114, 115, 116, 117, 118], "executed_branches": [], "missing_branches": []}, "Plugin.name": {"executed_lines": [], "summary": {"covered_lines": 0, "num_statements": 0, "percent_covered": 100.0, "percent_covered_display": "100.00", "missing_lines": 0, "excluded_lines": 5, "num_branches": 0, "num_partial_branches": 0, "covered_branches": 0, "missing_branches": 0}, "missing_lines": [], "excluded_lines": [131, 132, 133, 134, 135], "executed_branches": [], "missing_branches": []}, "Plugin.version": {"executed_lines": [], "summary": {"covered_lines": 0, "num_statements": 0, "percent_covered": 100.0, "percent_covered_display": "100.00", "missing_lines": 0, "excluded_lines": 5, "num_branches": 0, "num_partial_branches": 0, "covered_branches": 0, "missing_branches": 0}, "missing_lines": [], "excluded_lines": [140, 141, 142, 143, 144], "executed_branches": [], "missing_branches": []}, "Plugin.register": {"executed_lines": [], "summary": {"covered_lines": 0, "num_statements": 0, "percent_covered": 100.0, "percent_covered_display": "100.00", "missing_lines": 0, "excluded_lines": 8, "num_branches": 0, "num_partial_branches": 0, "covered_branches": 0, "missing_branches": 0}, "missing_lines": [], "excluded_lines": [148, 149, 150, 151, 152, 153, 154, 155], "executed_branches": [], "missing_branches": []}, "Plugin.initialize": {"executed_lines": [], "summary": {"covered_lines": 0, "num_statements": 0, "percent_covered": 100.0, "percent_covered_display": "100.00", "missing_lines": 0, "excluded_lines": 0, "num_branches": 0, "num_partial_branches": 0, "covered_branches": 0, "missing_branches": 0}, "missing_lines": [], "excluded_lines": [], "executed_branches": [], "missing_branches": []}, "Plugin.cleanup": {"executed_lines": [], "summary": {"covered_lines": 0, "num_statements": 0, "percent_covered": 100.0, "percent_covered_display": "100.00", "missing_lines": 0, "excluded_lines": 0, "num_branches": 0, "num_partial_branches": 0, "covered_branches": 0, "missing_branches": 0}, "missing_lines": [], "excluded_lines": [], "executed_branches": [], "missing_branches": []}, "FormatRegistry.register": {"executed_lines": [], "summary": {"covered_lines": 0, "num_statements": 0, "percent_covered": 100.0, "percent_covered_display": "100.00", "missing_lines": 0, "excluded_lines": 9, "num_branches": 0, "num_partial_branches": 0, "covered_branches": 0, "missing_branches": 0}, "missing_lines": [], "excluded_lines": [172, 173, 174, 175, 176, 177, 178, 179, 180], "executed_branches": [], "missing_branches": []}, "FormatRegistry.get": {"executed_lines": [], "summary": {"covered_lines": 0, "num_statements": 0, "percent_covered": 100.0, "percent_covered_display": "100.00", "missing_lines": 0, "excluded_lines": 11, "num_branches": 0, "num_partial_branches": 0, "covered_branches": 0, "missing_branches": 0}, "missing_lines": [], "excluded_lines": [184, 185, 186, 187, 188, 189, 190, 191, 192, 193, 194], "executed_branches": [], "missing_branches": []}, "FormatRegistry.unregister": {"executed_lines": [], "summary": {"covered_lines": 0, "num_statements": 0, "percent_covered": 100.0, "percent_covered_display": "100.00", "missing_lines": 0, "excluded_lines": 8, "num_branches": 0, "num_partial_branches": 0, "covered_branches": 0, "missing_branches": 0}, "missing_lines": [], "excluded_lines": [198, 199, 200, 201, 202, 203, 204, 205], "executed_branches": [], "missing_branches": []}, "FormatRegistry.list_formats": {"executed_lines": [], "summary": {"covered_lines": 0, "num_statements": 0, "percent_covered": 100.0, "percent_covered_display": "100.00", "missing_lines": 0, "excluded_lines": 5, "num_branches": 0, "num_partial_branches": 0, "covered_branches": 0, "missing_branches": 0}, "missing_lines": [], "excluded_lines": [209, 210, 211, 212, 213], "executed_branches": [], "missing_branches": []}, "FormatRegistry.is_supported": {"executed_lines": [], "summary": {"covered_lines": 0, "num_statements": 0, "percent_covered": 100.0, "percent_covered_display": "100.00", "missing_lines": 0, "excluded_lines": 8, "num_branches": 0, "num_partial_branches": 0, "covered_branches": 0, "missing_branches": 0}, "missing_lines": [], "excluded_lines": [217, 218, 219, 220, 221, 222, 223, 224], "executed_branches": [], "missing_branches": []}, "": {"executed_lines": [1, 7, 8, 10, 13, 14, 20, 21, 22, 29, 30, 44, 45, 59, 60, 70, 79, 80, 82, 83, 84, 91, 92, 105, 106, 121, 122, 128, 129, 130, 137, 138, 139, 146, 147, 157, 160, 164, 165, 170, 171, 182, 183, 196, 197, 207, 208, 215, 216], "summary": {"covered_lines": 10, "num_statements": 10, "percent_covered": 100.0, "percent_covered_display": "100.00", "missing_lines": 0, "excluded_lines": 34, "num_branches": 0, "num_partial_branches": 0, "covered_branches": 0, "missing_branches": 0}, "missing_lines": [], "excluded_lines": [20, 21, 22, 29, 30, 44, 45, 59, 60, 82, 83, 84, 91, 92, 105, 106, 128, 129, 130, 137, 138, 139, 146, 147, 170, 171, 182, 183, 196, 197, 207, 208, 215, 216], "executed_branches": [], "missing_branches": []}}, "classes": {"FormatAdapter": {"executed_lines": [], "summary": {"covered_lines": 0, "num_statements": 1, "percent_covered": 0.0, "percent_covered_display": "0.00", "missing_lines": 1, "excluded_lines": 37, "num_branches": 0, "num_partial_branches": 0, "covered_branches": 0, "missing_branches": 0}, "missing_lines": [76], "excluded_lines": [23, 24, 25, 26, 27, 31, 32, 33, 34, 35, 36, 37, 38, 39, 40, 41, 42, 46, 47, 48, 49, 50, 51, 52, 53, 54, 55, 56, 57, 61, 62, 63, 64, 65, 66, 67, 68], "executed_branches": [], "missing_branches": []}, "TokenCounter": {"executed_lines": [], "summary": {"covered_lines": 0, "num_statements": 0, "percent_covered": 100.0, "percent_covered_display": "100.00", "missing_lines": 0, "excluded_lines": 28, "num_branches": 0, "num_partial_branches": 0, "covered_branches": 0, "missing_branches": 0}, "missing_lines": [], "excluded_lines": [85, 86, 87, 88, 89, 93, 94, 95, 96, 97, 98, 99, 100, 101, 102, 103, 107, 108, 109, 110, 111, 112, 113, 114, 115, 116, 117, 118], "executed_branches": [], "missing_branches": []}, "Plugin": {"executed_lines": [], "summary": {"covered_lines": 0, "num_statements": 0, "percent_covered": 100.0, "percent_covered_display": "100.00", "missing_lines": 0, "excluded_lines": 18, "num_branches": 0, "num_partial_branches": 0, "covered_branches": 0, "missing_branches": 0}, "missing_lines": [], "excluded_lines": [131, 132, 133, 134, 135, 140, 141, 142, 143, 144, 148, 149, 150, 151, 152, 153, 154, 155], "executed_branches": [], "missing_branches": []}, "FormatRegistry": {"executed_lines": [], "summary": {"covered_lines": 0, "num_statements": 0, "percent_covered": 100.0, "percent_covered_display": "100.00", "missing_lines": 0, "excluded_lines": 41, "num_branches": 0, "num_partial_branches": 0, "covered_branches": 0, "missing_branches": 0}, "missing_lines": [], "excluded_lines": [172, 173, 174, 175, 176, 177, 178, 179, 180, 184, 185, 186, 187, 188, 189, 190, 191, 192, 193, 194, 198, 199, 200, 201, 202, 203, 204, 205, 209, 210, 211, 212, 213, 217, 218, 219, 220, 221, 222, 223, 224], "executed_branches": [], "missing_branches": []}, "": {"executed_lines": [1, 7, 8, 10, 13, 14, 20, 21, 22, 29, 30, 44, 45, 59, 60, 70, 79, 80, 82, 83, 84, 91, 92, 105, 106, 121, 122, 128, 129, 130, 137, 138, 139, 146, 147, 157, 160, 164, 165, 170, 171, 182, 183, 196, 197, 207, 208, 215, 216], "summary": {"covered_lines": 10, "num_statements": 10, "percent_covered": 100.0, "percent_covered_display": "100.00", "missing_lines": 0, "excluded_lines": 34, "num_branches": 0, "num_partial_branches": 0, "covered_branches": 0, "missing_branches": 0}, "missing_lines": [], "excluded_lines": [20, 21, 22, 29, 30, 44, 45, 59, 60, 82, 83, 84, 91, 92, 105, 106, 128, 129, 130, 137, 138, 139, 146, 147, 170, 171, 182, 183, 196, 197, 207, 208, 215, 216], "executed_branches": [], "missing_branches": []}}}, "src/toonverter/core/registry.py": {"executed_lines": [1, 6, 7, 9, 10, 13, 14, 20, 21, 23, 29, 30, 31, 32, 33, 34, 35, 37, 39, 43, 53, 54, 55, 57, 58, 59, 61, 63, 64, 65, 66, 67, 69, 81, 82, 83, 85, 87, 88, 89, 93, 94, 96, 105, 107, 108, 109, 110, 111, 113, 119, 120, 122, 131, 132, 134, 136, 137, 139, 144, 145, 149, 152, 158], "summary": {"covered_lines": 62, "num_statements": 64, "percent_covered": 95.23809523809524, "percent_covered_display": "95.24", "missing_lines": 2, "excluded_lines": 0, "num_branches": 20, "num_partial_branches": 2, "covered_branches": 18, "missing_branches": 2}, "missing_lines": [40, 41], "excluded_lines": [], "executed_branches": [[29, 30], [29, 35], [31, 32], [39, -37], [53, 54], [53, 57], [57, 58], [57, 61], [64, 65], [64, 67], [81, 82], [81, 85], [88, 89], [88, 94], [108, 109], [108, 111], [131, 132], [131, 134]], "missing_branches": [[31, 35], [39, 40]], "functions": {"DefaultFormatRegistry.__new__": {"executed_lines": [29, 30, 31, 32, 33, 34, 35], "summary": {"covered_lines": 7, "num_statements": 7, "percent_covered": 90.9090909090909, "percent_covered_display": "90.91", "missing_lines": 0, "excluded_lines": 0, "num_branches": 4, "num_partial_branches": 1, "covered_branches": 3, "missing_branches": 1}, "missing_lines": [], "excluded_lines": [], "executed_branches": [[29, 30], [29, 35], [31, 32]], "missing_branches": [[31, 35]]}, "DefaultFormatRegistry.__init__": {"executed_lines": [39], "summary": {"covered_lines": 1, "num_statements": 3, "percent_covered": 40.0, "percent_covered_display": "40.00", "missing_lines": 2, "excluded_lines": 0, "num_branches": 2, "num_partial_branches": 1, "covered_branches": 1, "missing_branches": 1}, "missing_lines": [40, 41], "excluded_lines": [], "executed_branches": [[39, -37]], "missing_branches": [[39, 40]]}, "DefaultFormatRegistry.register": {"executed_lines": [53, 54, 55, 57, 58, 59, 61, 63, 64, 65, 66, 67], "summary": {"covered_lines": 12, "num_statements": 12, "percent_covered": 100.0, "percent_covered_display": "100.00", "missing_lines": 0, "excluded_lines": 0, "num_branches": 6, "num_partial_branches": 0, "covered_branches": 6, "missing_branches": 0}, "missing_lines": [], "excluded_lines": [], "executed_branches": [[53, 54], [53, 57], [57, 58], [57, 61], [64, 65], [64, 67]], "missing_branches": []}, "DefaultFormatRegistry.get": {"executed_lines": [81, 82, 83, 85, 87, 88, 89, 93, 94], "summary": {"covered_lines": 9, "num_statements": 9, "percent_covered": 100.0, "percent_covered_display": "100.00", "missing_lines": 0, "excluded_lines": 0, "num_branches": 4, "num_partial_branches": 0, "covered_branches": 4, "missing_branches": 0}, "missing_lines": [], "excluded_lines": [], "executed_branches": [[81, 82], [81, 85], [88, 89], [88, 94]], "missing_branches": []}, "DefaultFormatRegistry.unregister": {"executed_lines": [105, 107, 108, 109, 110, 111], "summary": {"covered_lines": 6, "num_statements": 6, "percent_covered": 100.0, "percent_covered_display": "100.00", "missing_lines": 0, "excluded_lines": 0, "num_branches": 2, "num_partial_branches": 0, "covered_branches": 2, "missing_branches": 0}, "missing_lines": [], "excluded_lines": [], "executed_branches": [[108, 109], [108, 111]], "missing_branches": []}, "DefaultFormatRegistry.list_formats": {"executed_lines": [119, 120], "summary": {"covered_lines": 2, "num_statements": 2, "percent_covered": 100.0, "percent_covered_display": "100.00", "missing_lines": 0, "excluded_lines": 0, "num_branches": 0, "num_partial_branches": 0, "covered_branches": 0, "missing_branches": 0}, "missing_lines": [], "excluded_lines": [], "executed_branches": [], "missing_branches": []}, "DefaultFormatRegistry.is_supported": {"executed_lines": [131, 132, 134, 136, 137], "summary": {"covered_lines": 5, "num_statements": 5, "percent_covered": 100.0, "percent_covered_display": "100.00", "missing_lines": 0, "excluded_lines": 0, "num_branches": 2, "num_partial_branches": 0, "covered_branches": 2, "missing_branches": 0}, "missing_lines": [], "excluded_lines": [], "executed_branches": [[131, 132], [131, 134]], "missing_branches": []}, "DefaultFormatRegistry.clear": {"executed_lines": [144, 145], "summary": {"covered_lines": 2, "num_statements": 2, "percent_covered": 100.0, "percent_covered_display": "100.00", "missing_lines": 0, "excluded_lines": 0, "num_branches": 0, "num_partial_branches": 0, "covered_branches": 0, "missing_branches": 0}, "missing_lines": [], "excluded_lines": [], "executed_branches": [], "missing_branches": []}, "get_registry": {"executed_lines": [158], "summary": {"covered_lines": 1, "num_statements": 1, "percent_covered": 100.0, "percent_covered_display": "100.00", "missing_lines": 0, "excluded_lines": 0, "num_branches": 0, "num_partial_branches": 0, "covered_branches": 0, "missing_branches": 0}, "missing_lines": [], "excluded_lines": [], "executed_branches": [], "missing_branches": []}, "": {"executed_lines": [1, 6, 7, 9, 10, 13, 14, 20, 21, 23, 37, 43, 69, 96, 113, 122, 139, 149, 152], "summary": {"covered_lines": 17, "num_statements": 17, "percent_covered": 100.0, "percent_covered_display": "100.00", "missing_lines": 0, "excluded_lines": 0, "num_branches": 0, "num_partial_branches": 0, "covered_branches": 0, "missing_branches": 0}, "missing_lines": [], "excluded_lines": [], "executed_branches": [], "missing_branches": []}}, "classes": {"DefaultFormatRegistry": {"executed_lines": [29, 30, 31, 32, 33, 34, 35, 39, 53, 54, 55, 57, 58, 59, 61, 63, 64, 65, 66, 67, 81, 82, 83, 85, 87, 88, 89, 93, 94, 105, 107, 108, 109, 110, 111, 119, 120, 131, 132, 134, 136, 137, 144, 145], "summary": {"covered_lines": 44, "num_statements": 46, "percent_covered": 93.93939393939394, "percent_covered_display": "93.94", "missing_lines": 2, "excluded_lines": 0, "num_branches": 20, "num_partial_branches": 2, "covered_branches": 18, "missing_branches": 2}, "missing_lines": [40, 41], "excluded_lines": [], "executed_branches": [[29, 30], [29, 35], [31, 32], [39, -37], [53, 54], [53, 57], [57, 58], [57, 61], [64, 65], [64, 67], [81, 82], [81, 85], [88, 89], [88, 94], [108, 109], [108, 111], [131, 132], [131, 134]], "missing_branches": [[31, 35], [39, 40]]}, "": {"executed_lines": [1, 6, 7, 9, 10, 13, 14, 20, 21, 23, 37, 43, 69, 96, 113, 122, 139, 149, 152, 158], "summary": {"covered_lines": 18, "num_statements": 18, "percent_covered": 100.0, "percent_covered_display": "100.00", "missing_lines": 0, "excluded_lines": 0, "num_branches": 0, "num_partial_branches": 0, "covered_branches": 0, "missing_branches": 0}, "missing_lines": [], "excluded_lines": [], "executed_branches": [], "missing_branches": []}}}, "src/toonverter/core/spec.py": {"executed_lines": [1, 7, 8, 9, 10, 14, 15, 18, 19, 23, 24, 26, 27, 28, 30, 31, 33, 34, 35, 36, 37, 38, 39, 40, 42, 43, 46, 50, 51, 53, 54, 55, 59, 60, 62, 63, 64, 68, 71, 74, 89, 98, 107, 108, 111, 112, 113, 122, 123, 124, 125, 127, 129, 130, 131, 132, 133, 134, 137, 138, 139, 146, 147, 150, 151, 152, 163, 164, 165, 166, 168, 170, 171, 172, 174, 176, 177, 178, 181, 182, 183, 192, 193, 195, 196, 198, 199, 201, 202, 203, 205, 207, 208, 209, 211, 213, 219, 220], "summary": {"covered_lines": 90, "num_statements": 90, "percent_covered": 100.0, "percent_covered_display": "100.00", "missing_lines": 0, "excluded_lines": 0, "num_branches": 20, "num_partial_branches": 0, "covered_branches": 20, "missing_branches": 0}, "missing_lines": [], "excluded_lines": [], "executed_branches": [[33, 34], [33, 35], [35, 36], [35, 37], [37, 38], [37, 39], [129, 130], [129, 132], [132, -127], [132, 133], [170, -168], [170, 171], [176, -174], [176, 177], [198, 199], [198, 203], [201, 202], [201, 203], [207, 208], [207, 209]], "missing_branches": [], "functions": {"Delimiter.from_string": {"executed_lines": [33, 34, 35, 36, 37, 38, 39, 40], "summary": {"covered_lines": 8, "num_statements": 8, "percent_covered": 100.0, "percent_covered_display": "100.00", "missing_lines": 0, "excluded_lines": 0, "num_branches": 6, "num_partial_branches": 0, "covered_branches": 6, "missing_branches": 0}, "missing_lines": [], "excluded_lines": [], "executed_branches": [[33, 34], [33, 35], [35, 36], [35, 37], [37, 38], [37, 39]], "missing_branches": []}, "Delimiter.__str__": {"executed_lines": [43], "summary": {"covered_lines": 1, "num_statements": 1, "percent_covered": 100.0, "percent_covered_display": "100.00", "missing_lines": 0, "excluded_lines": 0, "num_branches": 0, "num_partial_branches": 0, "covered_branches": 0, "missing_branches": 0}, "missing_lines": [], "excluded_lines": [], "executed_branches": [], "missing_branches": []}, "ToonEncodeOptions.__post_init__": {"executed_lines": [129, 130, 131, 132, 133, 134], "summary": {"covered_lines": 6, "num_statements": 6, "percent_covered": 100.0, "percent_covered_display": "100.00", "missing_lines": 0, "excluded_lines": 0, "num_branches": 4, "num_partial_branches": 0, "covered_branches": 4, "missing_branches": 0}, "missing_lines": [], "excluded_lines": [], "executed_branches": [[129, 130], [129, 132], [132, -127], [132, 133]], "missing_branches": []}, "ArrayHeader.validate_row_count": {"executed_lines": [170, 171, 172], "summary": {"covered_lines": 3, "num_statements": 3, "percent_covered": 100.0, "percent_covered_display": "100.00", "missing_lines": 0, "excluded_lines": 0, "num_branches": 2, "num_partial_branches": 0, "covered_branches": 2, "missing_branches": 0}, "missing_lines": [], "excluded_lines": [], "executed_branches": [[170, -168], [170, 171]], "missing_branches": []}, "ArrayHeader.validate_field_count": {"executed_lines": [176, 177, 178], "summary": {"covered_lines": 3, "num_statements": 3, "percent_covered": 100.0, "percent_covered_display": "100.00", "missing_lines": 0, "excluded_lines": 0, "num_branches": 2, "num_partial_branches": 0, "covered_branches": 2, "missing_branches": 0}, "missing_lines": [], "excluded_lines": [], "executed_branches": [[176, -174], [176, 177]], "missing_branches": []}, "KeyPath.parse": {"executed_lines": [198, 199, 201, 202, 203], "summary": {"covered_lines": 5, "num_statements": 5, "percent_covered": 100.0, "percent_covered_display": "100.00", "missing_lines": 0, "excluded_lines": 0, "num_branches": 4, "num_partial_branches": 0, "covered_branches": 4, "missing_branches": 0}, "missing_lines": [], "excluded_lines": [], "executed_branches": [[198, 199], [198, 203], [201, 202], [201, 203]], "missing_branches": []}, "KeyPath.to_string": {"executed_lines": [207, 208, 209], "summary": {"covered_lines": 3, "num_statements": 3, "percent_covered": 100.0, "percent_covered_display": "100.00", "missing_lines": 0, "excluded_lines": 0, "num_branches": 2, "num_partial_branches": 0, "covered_branches": 2, "missing_branches": 0}, "missing_lines": [], "excluded_lines": [], "executed_branches": [[207, 208], [207, 209]], "missing_branches": []}, "KeyPath.can_fold": {"executed_lines": [213], "summary": {"covered_lines": 1, "num_statements": 1, "percent_covered": 100.0, "percent_covered_display": "100.00", "missing_lines": 0, "excluded_lines": 0, "num_branches": 0, "num_partial_branches": 0, "covered_branches": 0, "missing_branches": 0}, "missing_lines": [], "excluded_lines": [], "executed_branches": [], "missing_branches": []}, "": {"executed_lines": [1, 7, 8, 9, 10, 14, 15, 18, 19, 23, 24, 26, 27, 28, 30, 31, 42, 46, 50, 51, 53, 54, 55, 59, 60, 62, 63, 64, 68, 71, 74, 89, 98, 107, 108, 111, 112, 113, 122, 123, 124, 125, 127, 137, 138, 139, 146, 147, 150, 151, 152, 163, 164, 165, 166, 168, 174, 181, 182, 183, 192, 193, 195, 196, 205, 211, 219, 220], "summary": {"covered_lines": 60, "num_statements": 60, "percent_covered": 100.0, "percent_covered_display": "100.00", "missing_lines": 0, "excluded_lines": 0, "num_branches": 0, "num_partial_branches": 0, "covered_branches": 0, "missing_branches": 0}, "missing_lines": [], "excluded_lines": [], "executed_branches": [], "missing_branches": []}}, "classes": {"Delimiter": {"executed_lines": [33, 34, 35, 36, 37, 38, 39, 40, 43], "summary": {"covered_lines": 9, "num_statements": 9, "percent_covered": 100.0, "percent_covered_display": "100.00", "missing_lines": 0, "excluded_lines": 0, "num_branches": 6, "num_partial_branches": 0, "covered_branches": 6, "missing_branches": 0}, "missing_lines": [], "excluded_lines": [], "executed_branches": [[33, 34], [33, 35], [35, 36], [35, 37], [37, 38], [37, 39]], "missing_branches": []}, "ArrayForm": {"executed_lines": [], "summary": {"covered_lines": 0, "num_statements": 0, "percent_covered": 100.0, "percent_covered_display": "100.00", "missing_lines": 0, "excluded_lines": 0, "num_branches": 0, "num_partial_branches": 0, "covered_branches": 0, "missing_branches": 0}, "missing_lines": [], "excluded_lines": [], "executed_branches": [], "missing_branches": []}, "RootForm": {"executed_lines": [], "summary": {"covered_lines": 0, "num_statements": 0, "percent_covered": 100.0, "percent_covered_display": "100.00", "missing_lines": 0, "excluded_lines": 0, "num_branches": 0, "num_partial_branches": 0, "covered_branches": 0, "missing_branches": 0}, "missing_lines": [], "excluded_lines": [], "executed_branches": [], "missing_branches": []}, "ToonEncodeOptions": {"executed_lines": [129, 130, 131, 132, 133, 134], "summary": {"covered_lines": 6, "num_statements": 6, "percent_covered": 100.0, "percent_covered_display": "100.00", "missing_lines": 0, "excluded_lines": 0, "num_branches": 4, "num_partial_branches": 0, "covered_branches": 4, "missing_branches": 0}, "missing_lines": [], "excluded_lines": [], "executed_branches": [[129, 130], [129, 132], [132, -127], [132, 133]], "missing_branches": []}, "ToonDecodeOptions": {"executed_lines": [], "summary": {"covered_lines": 0, "num_statements": 0, "percent_covered": 100.0, "percent_covered_display": "100.00", "missing_lines": 0, "excluded_lines": 0, "num_branches": 0, "num_partial_branches": 0, "covered_branches": 0, "missing_branches": 0}, "missing_lines": [], "excluded_lines": [], "executed_branches": [], "missing_branches": []}, "ArrayHeader": {"executed_lines": [170, 171, 172, 176, 177, 178], "summary": {"covered_lines": 6, "num_statements": 6, "percent_covered": 100.0, "percent_covered_display": "100.00", "missing_lines": 0, "excluded_lines": 0, "num_branches": 4, "num_partial_branches": 0, "covered_branches": 4, "missing_branches": 0}, "missing_lines": [], "excluded_lines": [], "executed_branches": [[170, -168], [170, 171], [176, -174], [176, 177]], "missing_branches": []}, "KeyPath": {"executed_lines": [198, 199, 201, 202, 203, 207, 208, 209, 213], "summary": {"covered_lines": 9, "num_statements": 9, "percent_covered": 100.0, "percent_covered_display": "100.00", "missing_lines": 0, "excluded_lines": 0, "num_branches": 6, "num_partial_branches": 0, "covered_branches": 6, "missing_branches": 0}, "missing_lines": [], "excluded_lines": [], "executed_branches": [[198, 199], [198, 203], [201, 202], [201, 203], [207, 208], [207, 209]], "missing_branches": []}, "": {"executed_lines": [1, 7, 8, 9, 10, 14, 15, 18, 19, 23, 24, 26, 27, 28, 30, 31, 42, 46, 50, 51, 53, 54, 55, 59, 60, 62, 63, 64, 68, 71, 74, 89, 98, 107, 108, 111, 112, 113, 122, 123, 124, 125, 127, 137, 138, 139, 146, 147, 150, 151, 152, 163, 164, 165, 166, 168, 174, 181, 182, 183, 192, 193, 195, 196, 205, 211, 219, 220], "summary": {"covered_lines": 60, "num_statements": 60, "percent_covered": 100.0, "percent_covered_display": "100.00", "missing_lines": 0, "excluded_lines": 0, "num_branches": 0, "num_partial_branches": 0, "covered_branches": 0, "missing_branches": 0}, "missing_lines": [], "excluded_lines": [], "executed_branches": [], "missing_branches": []}}}, "src/toonverter/core/types.py": {"executed_lines": [1, 3, 4, 7, 8, 9, 24, 25, 26, 27, 28, 29, 30, 32, 33, 41, 42, 50, 51, 60, 61, 62, 70, 71, 72, 75, 76, 77, 91, 92, 93, 94, 95, 96, 97, 98, 99, 101, 103, 108, 113, 114, 115, 125, 126, 127, 128, 129, 132, 133, 134, 143, 144, 145, 146, 148, 149, 155, 158, 159, 161, 164, 168, 169], "summary": {"covered_lines": 58, "num_statements": 63, "percent_covered": 89.85507246376811, "percent_covered_display": "89.86", "missing_lines": 5, "excluded_lines": 0, "num_branches": 6, "num_partial_branches": 2, "covered_branches": 4, "missing_branches": 2}, "missing_lines": [39, 48, 57, 156, 162], "excluded_lines": [], "executed_branches": [[103, -101], [103, 108], [155, 158], [161, 164]], "missing_branches": [[155, 156], [161, 162]], "functions": {"EncodeOptions.create_compact": {"executed_lines": [], "summary": {"covered_lines": 0, "num_statements": 1, "percent_covered": 0.0, "percent_covered_display": "0.00", "missing_lines": 1, "excluded_lines": 0, "num_branches": 0, "num_partial_branches": 0, "covered_branches": 0, "missing_branches": 0}, "missing_lines": [39], "excluded_lines": [], "executed_branches": [], "missing_branches": []}, "EncodeOptions.readable": {"executed_lines": [], "summary": {"covered_lines": 0, "num_statements": 1, "percent_covered": 0.0, "percent_covered_display": "0.00", "missing_lines": 1, "excluded_lines": 0, "num_branches": 0, "num_partial_branches": 0, "covered_branches": 0, "missing_branches": 0}, "missing_lines": [48], "excluded_lines": [], "executed_branches": [], "missing_branches": []}, "EncodeOptions.tabular": {"executed_lines": [], "summary": {"covered_lines": 0, "num_statements": 1, "percent_covered": 0.0, "percent_covered_display": "0.00", "missing_lines": 1, "excluded_lines": 0, "num_branches": 0, "num_partial_branches": 0, "covered_branches": 0, "missing_branches": 0}, "missing_lines": [57], "excluded_lines": [], "executed_branches": [], "missing_branches": []}, "ConversionResult.__post_init__": {"executed_lines": [103, 108], "summary": {"covered_lines": 2, "num_statements": 2, "percent_covered": 100.0, "percent_covered_display": "100.00", "missing_lines": 0, "excluded_lines": 0, "num_branches": 2, "num_partial_branches": 0, "covered_branches": 2, "missing_branches": 0}, "missing_lines": [], "excluded_lines": [], "executed_branches": [[103, -101], [103, 108]], "missing_branches": []}, "ComparisonReport.max_savings_percentage": {"executed_lines": [155, 158, 159, 161, 164], "summary": {"covered_lines": 5, "num_statements": 7, "percent_covered": 63.63636363636363, "percent_covered_display": "63.64", "missing_lines": 2, "excluded_lines": 0, "num_branches": 4, "num_partial_branches": 2, "covered_branches": 2, "missing_branches": 2}, "missing_lines": [156, 162], "excluded_lines": [], "executed_branches": [[155, 158], [161, 164]], "missing_branches": [[155, 156], [161, 162]]}, "": {"executed_lines": [1, 3, 4, 7, 8, 9, 24, 25, 26, 27, 28, 29, 30, 32, 33, 41, 42, 50, 51, 60, 61, 62, 70, 71, 72, 75, 76, 77, 91, 92, 93, 94, 95, 96, 97, 98, 99, 101, 113, 114, 115, 125, 126, 127, 128, 129, 132, 133, 134, 143, 144, 145, 146, 148, 149, 168, 169], "summary": {"covered_lines": 51, "num_statements": 51, "percent_covered": 100.0, "percent_covered_display": "100.00", "missing_lines": 0, "excluded_lines": 0, "num_branches": 0, "num_partial_branches": 0, "covered_branches": 0, "missing_branches": 0}, "missing_lines": [], "excluded_lines": [], "executed_branches": [], "missing_branches": []}}, "classes": {"EncodeOptions": {"executed_lines": [], "summary": {"covered_lines": 0, "num_statements": 3, "percent_covered": 0.0, "percent_covered_display": "0.00", "missing_lines": 3, "excluded_lines": 0, "num_branches": 0, "num_partial_branches": 0, "covered_branches": 0, "missing_branches": 0}, "missing_lines": [39, 48, 57], "excluded_lines": [], "executed_branches": [], "missing_branches": []}, "DecodeOptions": {"executed_lines": [], "summary": {"covered_lines": 0, "num_statements": 0, "percent_covered": 100.0, "percent_covered_display": "100.00", "missing_lines": 0, "excluded_lines": 0, "num_branches": 0, "num_partial_branches": 0, "covered_branches": 0, "missing_branches": 0}, "missing_lines": [], "excluded_lines": [], "executed_branches": [], "missing_branches": []}, "ConversionResult": {"executed_lines": [103, 108], "summary": {"covered_lines": 2, "num_statements": 2, "percent_covered": 100.0, "percent_covered_display": "100.00", "missing_lines": 0, "excluded_lines": 0, "num_branches": 2, "num_partial_branches": 0, "covered_branches": 2, "missing_branches": 0}, "missing_lines": [], "excluded_lines": [], "executed_branches": [[103, -101], [103, 108]], "missing_branches": []}, "TokenAnalysis": {"executed_lines": [], "summary": {"covered_lines": 0, "num_statements": 0, "percent_covered": 100.0, "percent_covered_display": "100.00", "missing_lines": 0, "excluded_lines": 0, "num_branches": 0, "num_partial_branches": 0, "covered_branches": 0, "missing_branches": 0}, "missing_lines": [], "excluded_lines": [], "executed_branches": [], "missing_branches": []}, "ComparisonReport": {"executed_lines": [155, 158, 159, 161, 164], "summary": {"covered_lines": 5, "num_statements": 7, "percent_covered": 63.63636363636363, "percent_covered_display": "63.64", "missing_lines": 2, "excluded_lines": 0, "num_branches": 4, "num_partial_branches": 2, "covered_branches": 2, "missing_branches": 2}, "missing_lines": [156, 162], "excluded_lines": [], "executed_branches": [[155, 158], [161, 164]], "missing_branches": [[155, 156], [161, 162]]}, "": {"executed_lines": [1, 3, 4, 7, 8, 9, 24, 25, 26, 27, 28, 29, 30, 32, 33, 41, 42, 50, 51, 60, 61, 62, 70, 71, 72, 75, 76, 77, 91, 92, 93, 94, 95, 96, 97, 98, 99, 101, 113, 114, 115, 125, 126, 127, 128, 129, 132, 133, 134, 143, 144, 145, 146, 148, 149, 168, 169], "summary": {"covered_lines": 51, "num_statements": 51, "percent_covered": 100.0, "percent_covered_display": "100.00", "missing_lines": 0, "excluded_lines": 0, "num_branches": 0, "num_partial_branches": 0, "covered_branches": 0, "missing_branches": 0}, "missing_lines": [], "excluded_lines": [], "executed_branches": [], "missing_branches": []}}}, "src/toonverter/decoders/__init__.py": {"executed_lines": [1, 3, 6], "summary": {"covered_lines": 2, "num_statements": 2, "percent_covered": 100.0, "percent_covered_display": "100.00", "missing_lines": 0, "excluded_lines": 0, "num_branches": 0, "num_partial_branches": 0, "covered_branches": 0, "missing_branches": 0}, "missing_lines": [], "excluded_lines": [], "executed_branches": [], "missing_branches": [], "functions": {"": {"executed_lines": [1, 3, 6], "summary": {"covered_lines": 2, "num_statements": 2, "percent_covered": 100.0, "percent_covered_display": "100.00", "missing_lines": 0, "excluded_lines": 0, "num_branches": 0, "num_partial_branches": 0, "covered_branches": 0, "missing_branches": 0}, "missing_lines": [], "excluded_lines": [], "executed_branches": [], "missing_branches": []}}, "classes": {"": {"executed_lines": [1, 3, 6], "summary": {"covered_lines": 2, "num_statements": 2, "percent_covered": 100.0, "percent_covered_display": "100.00", "missing_lines": 0, "excluded_lines": 0, "num_branches": 0, "num_partial_branches": 0, "covered_branches": 0, "missing_branches": 0}, "missing_lines": [], "excluded_lines": [], "executed_branches": [], "missing_branches": []}}}, "src/toonverter/decoders/lexer.py": {"executed_lines": [1, 7, 8, 10, 13, 14, 17, 18, 19, 20, 23, 24, 25, 26, 29, 30, 31, 34, 35, 36, 37, 40, 41, 44, 45, 46, 48, 49, 50, 51, 52, 54, 58, 59, 64, 71, 72, 73, 74, 75, 76, 77, 79, 85, 87, 88, 89, 92, 96, 97, 100, 102, 103, 112, 114, 116, 117, 126, 129, 130, 133, 144, 145, 154, 157, 167, 169, 180, 181, 183, 184, 187, 188, 189, 192, 193, 202, 203, 206, 207, 216, 217, 220, 222, 223, 232, 233, 236, 237, 246, 247, 249, 250, 259, 260, 262, 263, 272, 273, 275, 276, 285, 286, 289, 290, 291, 292, 293, 296, 297, 298, 300, 302, 316, 317, 319, 320, 322, 344, 346, 347, 358, 359, 364, 378, 379, 382, 383, 384, 385, 386, 387, 389, 392, 393, 394, 395, 396, 397, 398, 399, 400, 403, 404, 405, 406, 408, 409, 410, 412, 413, 415], "summary": {"covered_lines": 147, "num_statements": 167, "percent_covered": 84.97854077253218, "percent_covered_display": "84.98", "missing_lines": 20, "excluded_lines": 2, "num_branches": 66, "num_partial_branches": 3, "covered_branches": 51, "missing_branches": 15}, "missing_lines": [93, 324, 325, 326, 327, 328, 329, 330, 331, 332, 333, 334, 335, 337, 338, 339, 341, 342, 361, 362], "excluded_lines": [54, 55], "executed_branches": [[87, 88], [87, 144], [92, 96], [100, 102], [100, 114], [102, 103], [102, 112], [114, 116], [114, 129], [116, 117], [116, 126], [144, 145], [144, 157], [183, 184], [183, 300], [187, 188], [187, 192], [192, 193], [192, 206], [206, 207], [206, 220], [220, 222], [220, 236], [222, 223], [222, 236], [236, 237], [236, 249], [249, 250], [249, 262], [262, 263], [262, 275], [275, 276], [275, 289], [289, 290], [289, 296], [319, 320], [322, 344], [344, 346], [344, 358], [382, 383], [382, 389], [384, 385], [384, 386], [392, 393], [392, 395], [395, 396], [395, 398], [398, 399], [398, 403], [404, 405], [404, 408]], "missing_branches": [[92, 93], [319, 361], [322, 324], [324, 325], [324, 341], [326, 327], [326, 328], [328, 329], [328, 330], [330, 331], [330, 332], [332, 333], [332, 334], [334, 335], [334, 337]], "functions": {"Token.__repr__": {"executed_lines": [], "summary": {"covered_lines": 0, "num_statements": 0, "percent_covered": 100.0, "percent_covered_display": "100.00", "missing_lines": 0, "excluded_lines": 1, "num_branches": 0, "num_partial_branches": 0, "covered_branches": 0, "missing_branches": 0}, "missing_lines": [], "excluded_lines": [55], "executed_branches": [], "missing_branches": []}, "ToonLexer.__init__": {"executed_lines": [71, 72, 73, 74, 75, 76, 77], "summary": {"covered_lines": 7, "num_statements": 7, "percent_covered": 100.0, "percent_covered_display": "100.00", "missing_lines": 0, "excluded_lines": 0, "num_branches": 0, "num_partial_branches": 0, "covered_branches": 0, "missing_branches": 0}, "missing_lines": [], "excluded_lines": [], "executed_branches": [], "missing_branches": []}, "ToonLexer.tokenize": {"executed_lines": [85, 87, 88, 89, 92, 96, 97, 100, 102, 103, 112, 114, 116, 117, 126, 129, 130, 133, 144, 145, 154, 157, 167], "summary": {"covered_lines": 23, "num_statements": 24, "percent_covered": 94.73684210526316, "percent_covered_display": "94.74", "missing_lines": 1, "excluded_lines": 0, "num_branches": 14, "num_partial_branches": 1, "covered_branches": 13, "missing_branches": 1}, "missing_lines": [93], "excluded_lines": [], "executed_branches": [[87, 88], [87, 144], [92, 96], [100, 102], [100, 114], [102, 103], [102, 112], [114, 116], [114, 129], [116, 117], [116, 126], [144, 145], [144, 157]], "missing_branches": [[92, 93]]}, "ToonLexer._tokenize_line": {"executed_lines": [180, 181, 183, 184, 187, 188, 189, 192, 193, 202, 203, 206, 207, 216, 217, 220, 222, 223, 232, 233, 236, 237, 246, 247, 249, 250, 259, 260, 262, 263, 272, 273, 275, 276, 285, 286, 289, 290, 291, 292, 293, 296, 297, 298, 300], "summary": {"covered_lines": 45, "num_statements": 45, "percent_covered": 100.0, "percent_covered_display": "100.00", "missing_lines": 0, "excluded_lines": 0, "num_branches": 22, "num_partial_branches": 0, "covered_branches": 22, "missing_branches": 0}, "missing_lines": [], "excluded_lines": [], "executed_branches": [[183, 184], [183, 300], [187, 188], [187, 192], [192, 193], [192, 206], [206, 207], [206, 220], [220, 222], [220, 236], [222, 223], [222, 236], [236, 237], [236, 249], [249, 250], [249, 262], [262, 263], [262, 275], [275, 276], [275, 289], [289, 290], [289, 296]], "missing_branches": []}, "ToonLexer._scan_quoted_string": {"executed_lines": [316, 317, 319, 320, 322, 344, 346, 347, 358, 359], "summary": {"covered_lines": 10, "num_statements": 29, "percent_covered": 29.78723404255319, "percent_covered_display": "29.79", "missing_lines": 19, "excluded_lines": 0, "num_branches": 18, "num_partial_branches": 2, "covered_branches": 4, "missing_branches": 14}, "missing_lines": [324, 325, 326, 327, 328, 329, 330, 331, 332, 333, 334, 335, 337, 338, 339, 341, 342, 361, 362], "excluded_lines": [], "executed_branches": [[319, 320], [322, 344], [344, 346], [344, 358]], "missing_branches": [[319, 361], [322, 324], [324, 325], [324, 341], [326, 327], [326, 328], [328, 329], [328, 330], [330, 331], [330, 332], [332, 333], [332, 334], [334, 335], [334, 337]]}, "ToonLexer._scan_identifier": {"executed_lines": [378, 379, 382, 383, 384, 385, 386, 387, 389, 392, 393, 394, 395, 396, 397, 398, 399, 400, 403, 404, 405, 406, 408, 409, 410, 412, 413, 415], "summary": {"covered_lines": 28, "num_statements": 28, "percent_covered": 100.0, "percent_covered_display": "100.00", "missing_lines": 0, "excluded_lines": 0, "num_branches": 12, "num_partial_branches": 0, "covered_branches": 12, "missing_branches": 0}, "missing_lines": [], "excluded_lines": [], "executed_branches": [[382, 383], [382, 389], [384, 385], [384, 386], [392, 393], [392, 395], [395, 396], [395, 398], [398, 399], [398, 403], [404, 405], [404, 408]], "missing_branches": []}, "": {"executed_lines": [1, 7, 8, 10, 13, 14, 17, 18, 19, 20, 23, 24, 25, 26, 29, 30, 31, 34, 35, 36, 37, 40, 41, 44, 45, 46, 48, 49, 50, 51, 52, 54, 58, 59, 64, 79, 169, 302, 364], "summary": {"covered_lines": 34, "num_statements": 34, "percent_covered": 100.0, "percent_covered_display": "100.00", "missing_lines": 0, "excluded_lines": 1, "num_branches": 0, "num_partial_branches": 0, "covered_branches": 0, "missing_branches": 0}, "missing_lines": [], "excluded_lines": [54], "executed_branches": [], "missing_branches": []}}, "classes": {"TokenType": {"executed_lines": [], "summary": {"covered_lines": 0, "num_statements": 0, "percent_covered": 100.0, "percent_covered_display": "100.00", "missing_lines": 0, "excluded_lines": 0, "num_branches": 0, "num_partial_branches": 0, "covered_branches": 0, "missing_branches": 0}, "missing_lines": [], "excluded_lines": [], "executed_branches": [], "missing_branches": []}, "Token": {"executed_lines": [], "summary": {"covered_lines": 0, "num_statements": 0, "percent_covered": 100.0, "percent_covered_display": "100.00", "missing_lines": 0, "excluded_lines": 1, "num_branches": 0, "num_partial_branches": 0, "covered_branches": 0, "missing_branches": 0}, "missing_lines": [], "excluded_lines": [55], "executed_branches": [], "missing_branches": []}, "ToonLexer": {"executed_lines": [71, 72, 73, 74, 75, 76, 77, 85, 87, 88, 89, 92, 96, 97, 100, 102, 103, 112, 114, 116, 117, 126, 129, 130, 133, 144, 145, 154, 157, 167, 180, 181, 183, 184, 187, 188, 189, 192, 193, 202, 203, 206, 207, 216, 217, 220, 222, 223, 232, 233, 236, 237, 246, 247, 249, 250, 259, 260, 262, 263, 272, 273, 275, 276, 285, 286, 289, 290, 291, 292, 293, 296, 297, 298, 300, 316, 317, 319, 320, 322, 344, 346, 347, 358, 359, 378, 379, 382, 383, 384, 385, 386, 387, 389, 392, 393, 394, 395, 396, 397, 398, 399, 400, 403, 404, 405, 406, 408, 409, 410, 412, 413, 415], "summary": {"covered_lines": 113, "num_statements": 133, "percent_covered": 82.41206030150754, "percent_covered_display": "82.41", "missing_lines": 20, "excluded_lines": 0, "num_branches": 66, "num_partial_branches": 3, "covered_branches": 51, "missing_branches": 15}, "missing_lines": [93, 324, 325, 326, 327, 328, 329, 330, 331, 332, 333, 334, 335, 337, 338, 339, 341, 342, 361, 362], "excluded_lines": [], "executed_branches": [[87, 88], [87, 144], [92, 96], [100, 102], [100, 114], [102, 103], [102, 112], [114, 116], [114, 129], [116, 117], [116, 126], [144, 145], [144, 157], [183, 184], [183, 300], [187, 188], [187, 192], [192, 193], [192, 206], [206, 207], [206, 220], [220, 222], [220, 236], [222, 223], [222, 236], [236, 237], [236, 249], [249, 250], [249, 262], [262, 263], [262, 275], [275, 276], [275, 289], [289, 290], [289, 296], [319, 320], [322, 344], [344, 346], [344, 358], [382, 383], [382, 389], [384, 385], [384, 386], [392, 393], [392, 395], [395, 396], [395, 398], [398, 399], [398, 403], [404, 405], [404, 408]], "missing_branches": [[92, 93], [319, 361], [322, 324], [324, 325], [324, 341], [326, 327], [326, 328], [328, 329], [328, 330], [330, 331], [330, 332], [332, 333], [332, 334], [334, 335], [334, 337]]}, "": {"executed_lines": [1, 7, 8, 10, 13, 14, 17, 18, 19, 20, 23, 24, 25, 26, 29, 30, 31, 34, 35, 36, 37, 40, 41, 44, 45, 46, 48, 49, 50, 51, 52, 54, 58, 59, 64, 79, 169, 302, 364], "summary": {"covered_lines": 34, "num_statements": 34, "percent_covered": 100.0, "percent_covered_display": "100.00", "missing_lines": 0, "excluded_lines": 1, "num_branches": 0, "num_partial_branches": 0, "covered_branches": 0, "missing_branches": 0}, "missing_lines": [], "excluded_lines": [54], "executed_branches": [], "missing_branches": []}}}, "src/toonverter/decoders/toon_decoder.py": {"executed_lines": [1, 7, 9, 10, 12, 15, 16, 27, 33, 34, 35, 37, 58, 60, 61, 64, 65, 66, 69, 71, 72, 73, 74, 76, 82, 89, 92, 95, 98, 99, 103, 104, 105, 108, 109, 112, 121, 122, 125, 128, 130, 136, 138, 139, 142, 143, 146, 147, 148, 151, 152, 153, 156, 161, 162, 165, 171, 174, 175, 177, 179, 181, 188, 191, 192, 193, 194, 198, 204, 205, 207, 217, 218, 220, 223, 226, 227, 228, 229, 230, 231, 232, 235, 236, 240, 242, 247, 250, 251, 252, 254, 263, 266, 268, 269, 272, 273, 274, 276, 280, 281, 282, 285, 286, 287, 290, 299, 305, 308, 309, 313, 315, 327, 330, 331, 332, 333, 336, 339, 342, 348, 349, 350, 353, 354, 357, 358, 361, 362, 365, 366, 367, 369, 373, 374, 375, 378, 382, 383, 384, 387, 392, 393, 396, 402, 405, 406, 410, 412, 419, 422, 425, 426, 429, 430, 433, 434, 435, 436, 445, 448, 451, 452, 454, 456, 457, 459, 460, 461, 463, 464, 465, 467, 468, 469, 472, 473, 476, 477, 480, 481, 484, 485, 487, 494, 503, 504, 506, 507, 509, 510, 513, 514, 515, 518, 519, 520, 523, 527, 529, 538, 539, 540, 542, 547, 548, 551, 552, 555, 557, 558, 559, 561, 562, 565, 566, 567, 570, 571, 572, 575, 579, 580, 583, 584, 587, 588, 590, 592, 602, 605, 606, 609, 610, 612, 616, 617, 618, 620, 624, 625, 628, 629, 634, 638, 640, 649, 650, 651, 655, 656, 658, 659, 661, 663, 665, 668, 669, 671, 672, 673, 674, 678, 696, 697], "summary": {"covered_lines": 263, "num_statements": 314, "percent_covered": 78.65853658536585, "percent_covered_display": "78.66", "missing_lines": 51, "excluded_lines": 0, "num_branches": 178, "num_partial_branches": 50, "covered_branches": 124, "missing_branches": 54}, "missing_lines": [78, 79, 80, 90, 93, 169, 170, 196, 221, 277, 295, 296, 303, 304, 311, 337, 338, 346, 370, 379, 400, 401, 408, 420, 421, 427, 428, 437, 438, 439, 440, 441, 442, 446, 447, 524, 525, 543, 544, 576, 577, 613, 621, 631, 635, 636, 662, 664, 666, 670, 675], "excluded_lines": [], "executed_branches": [[60, 61], [60, 64], [71, 72], [71, 73], [73, 74], [73, 76], [89, 92], [92, 95], [98, 99], [98, 103], [104, 105], [108, 109], [108, 112], [112, 121], [112, 125], [138, 139], [142, 143], [142, 146], [146, 147], [146, 151], [151, 152], [151, 177], [156, 161], [156, 165], [165, 171], [191, 192], [191, 193], [193, 194], [217, 218], [217, 220], [220, 223], [226, 227], [226, 235], [228, 229], [228, 230], [230, 231], [230, 232], [235, 236], [235, 240], [240, 242], [240, 250], [242, 247], [242, 250], [268, 269], [272, 273], [272, 276], [276, 280], [280, 281], [280, 285], [285, 286], [290, 299], [299, 305], [331, 332], [336, 339], [342, 348], [353, 354], 
[...]
": 0, "num_partial_branches": 0, "covered_branches": 0, "missing_branches": 0}, "missing_lines": [], "excluded_lines": [], "executed_branches": [], "missing_branches": []}}}, "src/toonverter/formats/xml_format.py": {"executed_lines": [1, 3, 4, 5, 7, 8, 10, 13, 14, 20, 22, 24, 37, 38, 39, 42, 49, 54, 64, 66, 68, 71, 72, 73, 74, 77, 78, 79, 80, 81, 82, 83, 84, 85, 86, 90, 92, 105, 106, 107, 108, 109, 111, 112, 114, 125, 129, 130, 132, 133, 134, 138, 140, 143, 144, 145, 146, 148, 149, 151, 153, 173], "summary": {"covered_lines": 60, "num_statements": 94, "percent_covered": 63.04347826086956, "percent_covered_display": "63.04", "missing_lines": 34, "excluded_lines": 0, "num_branches": 44, "num_partial_branches": 11, "covered_branches": 27, "missing_branches": 17}, "missing_lines": [43, 44, 46, 47, 50, 51, 52, 67, 69, 70, 75, 76, 88, 110, 126, 131, 135, 141, 150, 162, 163, 164, 165, 166, 167, 168, 169, 170, 171, 182, 183, 184, 185, 186], "excluded_lines": [], "executed_branches": [[42, 49], [66, 68], [68, 71], [71, 72], [71, 74], [74, 77], [77, 78], [77, 79], [79, 80], [79, 83], [80, 81], [80, 90], [83, 84], [84, 85], [84, 90], [109, 111], [125, 129], [130, 132], [132, 133], [132, 134], [134, 138], [138, 140], [138, 148], [140, 143], [144, 145], [144, 146], [149, 151]], "missing_branches": [[42, 43], [66, 67], [68, 69], [74, 75], [83, 88], [109, 110], [125, 126], [130, 131], [134, 135], [140, 141], [149, 150], [162, 163], [162, 164], [164, 165], [164, 166], [166, 167], [166, 168]], "functions": {"XmlFormatAdapter.__init__": {"executed_lines": [22], "summary": {"covered_lines": 1, "num_statements": 1, "percent_covered": 100.0, "percent_covered_display": "100.00", "missing_lines": 0, "excluded_lines": 0, "num_branches": 0, "num_partial_branches": 0, "covered_branches": 0, "missing_branches": 0}, "missing_lines": [], "excluded_lines": [], "executed_branches": [], "missing_branches": []}, "XmlFormatAdapter.encode": {"executed_lines": [37, 38, 39, 42, 49], "summary": {"covered_lines": 5, "num_statements": 12, "percent_covered": 42.857142857142854, "percent_covered_display": "42.86", "missing_lines": 7, "excluded_lines": 0, "num_branches": 2, "num_partial_branches": 1, "covered_branches": 1, "missing_branches": 1}, "missing_lines": [43, 44, 46, 47, 50, 51, 52], "excluded_lines": [], "executed_branches": [[42, 49]], "missing_branches": [[42, 43]]}, "XmlFormatAdapter._to_xml_element": {"executed_lines": [64, 66, 68, 71, 72, 73, 74, 77, 78, 79, 80, 81, 82, 83, 84, 85, 86, 90], "summary": {"covered_lines": 18, "num_statements": 24, "percent_covered": 76.19047619047619, "percent_covered_display": "76.19", "missing_lines": 6, "excluded_lines": 0, "num_branches": 18, "num_partial_branches": 4, "covered_branches": 14, "missing_branches": 4}, "missing_lines": [67, 69, 70, 75, 76, 88], "excluded_lines": [], "executed_branches": [[66, 68], [68, 71], [71, 72], [71, 74], [74, 77], [77, 78], [77, 79], [79, 80], [79, 83], [80, 81], [80, 90], [83, 84], [84, 85], [84, 90]], "missing_branches": [[66, 67], [68, 69], [74, 75], [83, 88]]}, "XmlFormatAdapter.decode": {"executed_lines": [105, 106, 107, 108, 109, 111, 112], "summary": {"covered_lines": 7, "num_statements": 8, "percent_covered": 80.0, "percent_covered_display": "80.00", "missing_lines": 1, "excluded_lines": 0, "num_branches": 2, "num_partial_branches": 1, "covered_branches": 1, "missing_branches": 1}, "missing_lines": [110], "excluded_lines": [], "executed_branches": [[109, 111]], "missing_branches": [[109, 110]]}, "XmlFormatAdapter._from_xml_element": {"executed_lines": [125, 129, 130, 132, 133, 134, 138, 140, 143, 144, 145, 146, 148, 149, 151], "summary": {"covered_lines": 15, "num_statements": 20, "percent_covered": 72.22222222222223, "percent_covered_display": "72.22", "missing_lines": 5, "excluded_lines": 0, "num_branches": 16, "num_partial_branches": 5, "covered_branches": 11, "missing_branches": 5}, "missing_lines": [126, 131, 135, 141, 150], "excluded_lines": [], "executed_branches": [[125, 129], [130, 132], [132, 133], [132, 134], [134, 138], [138, 140], [138, 148], [140, 143], [144, 145], [144, 146], [149, 151]], "missing_branches": [[125, 126], [130, 131], [134, 135], [140, 141], [149, 150]]}, "XmlFormatAdapter._infer_type": {"executed_lines": [], "summary": {"covered_lines": 0, "num_statements": 10, "percent_covered": 0.0, "percent_covered_display": "0.00", "missing_lines": 10, "excluded_lines": 0, "num_branches": 6, "num_partial_branches": 0, "covered_branches": 0, "missing_branches": 6}, "missing_lines": [162, 163, 164, 165, 166, 167, 168, 169, 170, 171], "excluded_lines": [], "executed_branches": [], "missing_branches": [[162, 163], [162, 164], [164, 165], [164, 166], [166, 167], [166, 168]]}, "XmlFormatAdapter.validate": {"executed_lines": [], "summary": {"covered_lines": 0, "num_statements": 5, "percent_covered": 0.0, "percent_covered_display": "0.00", "missing_lines": 5, "excluded_lines": 0, "num_branches": 0, "num_partial_branches": 0, "covered_branches": 0, "missing_branches": 0}, "missing_lines": [182, 183, 184, 185, 186], "excluded_lines": [], "executed_branches": [], "missing_branches": []}, "": {"executed_lines": [1, 3, 4, 5, 7, 8, 10, 13, 14, 20, 24, 54, 92, 114, 153, 173], "summary": {"covered_lines": 14, "num_statements": 14, "percent_covered": 100.0, "percent_covered_display": "100.00", "missing_lines": 0, "excluded_lines": 0, "num_branches": 0, "num_partial_branches": 0, "covered_branches": 0, "missing_branches": 0}, "missing_lines": [], "excluded_lines": [], "executed_branches": [], "missing_branches": []}}, "classes": {"XmlFormatAdapter": {"executed_lines": [22, 37, 38, 39, 42, 49, 64, 66, 68, 71, 72, 73, 74, 77, 78, 79, 80, 81, 82, 83, 84, 85, 86, 90, 105, 106, 107, 108, 109, 111, 112, 125, 129, 130, 132, 133, 134, 138, 140, 143, 144, 145, 146, 148, 149, 151], "summary": {"covered_lines": 46, "num_statements": 80, "percent_covered": 58.87096774193548, "percent_covered_display": "58.87", "missing_lines": 34, "excluded_lines": 0, "num_branches": 44, "num_partial_branches": 11, "covered_branches": 27, "missing_branches": 17}, "missing_lines": [43, 44, 46, 47, 50, 51, 52, 67, 69, 70, 75, 76, 88, 110, 126, 131, 135, 141, 150, 162, 163, 164, 165, 166, 167, 168, 169, 170, 171, 182, 183, 184, 185, 186], "excluded_lines": [], "executed_branches": [[42, 49], [66, 68], [68, 71], [71, 72], [71, 74], [74, 77], [77, 78], [77, 79], [79, 80], [79, 83], [80, 81], [80, 90], [83, 84], [84, 85], [84, 90], [109, 111], [125, 129], [130, 132], [132, 133], [132, 134], [134, 138], [138, 140], [138, 148], [140, 143], [144, 145], [144, 146], [149, 151]], "missing_branches": [[42, 43], [66, 67], [68, 69], [74, 75], [83, 88], [109, 110], [125, 126], [130, 131], [134, 135], [140, 141], [149, 150], [162, 163], [162, 164], [164, 165], [164, 166], [166, 167], [166, 168]]}, "": {"executed_lines": [1, 3, 4, 5, 7, 8, 10, 13, 14, 20, 24, 54, 92, 114, 153, 173], "summary": {"covered_lines": 14, "num_statements": 14, "percent_covered": 100.0, "percent_covered_display": "100.00", "missing_lines": 0, "excluded_lines": 0, "num_branches": 0, "num_partial_branches": 0, "covered_branches": 0, "missing_branches": 0}, "missing_lines": [], "excluded_lines": [], "executed_branches": [], "missing_branches": []}}}, "src/toonverter/formats/yaml_format.py": {"executed_lines": [1, 3, 5, 6, 8, 12, 13, 15, 20, 21, 26, 28, 29, 36, 49, 50, 51, 52, 53, 54, 56, 61, 74, 75, 76, 77, 79, 80, 82], "summary": {"covered_lines": 27, "num_statements": 40, "percent_covered": 67.3913043478261, "percent_covered_display": "67.39", "missing_lines": 13, "excluded_lines": 0, "num_branches": 6, "num_partial_branches": 2, "covered_branches": 4, "missing_branches": 2}, "missing_lines": [16, 17, 30, 34, 57, 58, 59, 78, 91, 92, 93, 94, 95], "excluded_lines": [], "executed_branches": [[29, -26], [51, 52], [51, 56], [77, 79]], "missing_branches": [[29, 30], [77, 78]], "functions": {"YamlFormatAdapter.__init__": {"executed_lines": [28, 29], "summary": {"covered_lines": 2, "num_statements": 4, "percent_covered": 50.0, "percent_covered_display": "50.00", "missing_lines": 2, "excluded_lines": 0, "num_branches": 2, "num_partial_branches": 1, "covered_branches": 1, "missing_branches": 1}, "missing_lines": [30, 34], "excluded_lines": [], "executed_branches": [[29, -26]], "missing_branches": [[29, 30]]}, "YamlFormatAdapter.encode": {"executed_lines": [49, 50, 51, 52, 53, 54, 56], "summary": {"covered_lines": 7, "num_statements": 10, "percent_covered": 75.0, "percent_covered_display": "75.00", "missing_lines": 3, "excluded_lines": 0, "num_branches": 2, "num_partial_branches": 0, "covered_branches": 2, "missing_branches": 0}, "missing_lines": [57, 58, 59], "excluded_lines": [], "executed_branches": [[51, 52], [51, 56]], "missing_branches": []}, "YamlFormatAdapter.decode": {"executed_lines": [74, 75, 76, 77, 79, 80], "summary": {"covered_lines": 6, "num_statements": 7, "percent_covered": 77.77777777777777, "percent_covered_display": "77.78", "missing_lines": 1, "excluded_lines": 0, "num_branches": 2, "num_partial_branches": 1, "covered_branches": 1, "missing_branches": 1}, "missing_lines": [78], "excluded_lines": [], "executed_branches": [[77, 79]], "missing_branches": [[77, 78]]}, "YamlFormatAdapter.validate": {"executed_lines": [], "summary": {"covered_lines": 0, "num_statements": 5, "percent_covered": 0.0, "percent_covered_display": "0.00", "missing_lines": 5, "excluded_lines": 0, "num_branches": 0, "num_partial_branches": 0, "covered_branches": 0, "missing_branches": 0}, "missing_lines": [91, 92, 93, 94, 95], "excluded_lines": [], "executed_branches": [], "missing_branches": []}, "": {"executed_lines": [1, 3, 5, 6, 8, 12, 13, 15, 20, 21, 26, 36, 61, 82], "summary": {"covered_lines": 12, "num_statements": 14, "percent_covered": 85.71428571428571, "percent_covered_display": "85.71", "missing_lines": 2, "excluded_lines": 0, "num_branches": 0, "num_partial_branches": 0, "covered_branches": 0, "missing_branches": 0}, "missing_lines": [16, 17], "excluded_lines": [], "executed_branches": [], "missing_branches": []}}, "classes": {"YamlFormatAdapter": {"executed_lines": [28, 29, 49, 50, 51, 52, 53, 54, 56, 74, 75, 76, 77, 79, 80], "summary": {"covered_lines": 15, "num_statements": 26, "percent_covered": 59.375, "percent_covered_display": "59.38", "missing_lines": 11, "excluded_lines": 0, "num_branches": 6, "num_partial_branches": 2, "covered_branches": 4, "missing_branches": 2}, "missing_lines": [30, 34, 57, 58, 59, 78, 91, 92, 93, 94, 95], "excluded_lines": [], "executed_branches": [[29, -26], [51, 52], [51, 56], [77, 79]], "missing_branches": [[29, 30], [77, 78]]}, "": {"executed_lines": [1, 3, 5, 6, 8, 12, 13, 15, 20, 21, 26, 36, 61, 82], "summary": {"covered_lines": 12, "num_statements": 14, "percent_covered": 85.71428571428571, "percent_covered_display": "85.71", "missing_lines": 2, "excluded_lines": 0, "num_branches": 0, "num_partial_branches": 0, "covered_branches": 0, "missing_branches": 0}, "missing_lines": [16, 17], "excluded_lines": [], "executed_branches": [], "missing_branches": []}}}, "src/toonverter/plugins/__init__.py": {"executed_lines": [1, 3, 4, 7], "summary": {"covered_lines": 3, "num_statements": 3, "percent_covered": 100.0, "percent_covered_display": "100.00", "missing_lines": 0, "excluded_lines": 0, "num_branches": 0, "num_partial_branches": 0, "covered_branches": 0, "missing_branches": 0}, "missing_lines": [], "excluded_lines": [], "executed_branches": [], "missing_branches": [], "functions": {"": {"executed_lines": [1, 3, 4, 7], "summary": {"covered_lines": 3, "num_statements": 3, "percent_covered": 100.0, "percent_covered_display": "100.00", "missing_lines": 0, "excluded_lines": 0, "num_branches": 0, "num_partial_branches": 0, "covered_branches": 0, "missing_branches": 0}, "missing_lines": [], "excluded_lines": [], "executed_branches": [], "missing_branches": []}}, "classes": {"": {"executed_lines": [1, 3, 4, 7], "summary": {"covered_lines": 3, "num_statements": 3, "percent_covered": 100.0, "percent_covered_display": "100.00", "missing_lines": 0, "excluded_lines": 0, "num_branches": 0, "num_partial_branches": 0, "covered_branches": 0, "missing_branches": 0}, "missing_lines": [], "excluded_lines": [], "executed_branches": [], "missing_branches": []}}}, "src/toonverter/plugins/interface.py": {"executed_lines": [1, 3, 7, 9], "summary": {"covered_lines": 3, "num_statements": 3, "percent_covered": 100.0, "percent_covered_display": "100.00", "missing_lines": 0, "excluded_lines": 0, "num_branches": 0, "num_partial_branches": 0, "covered_branches": 0, "missing_branches": 0}, "missing_lines": [], "excluded_lines": [], "executed_branches": [], "missing_branches": [], "functions": {"": {"executed_lines": [1, 3, 7, 9], "summary": {"covered_lines": 3, "num_statements": 3, "percent_covered": 100.0, "percent_covered_display": "100.00", "missing_lines": 0, "excluded_lines": 0, "num_branches": 0, "num_partial_branches": 0, "covered_branches": 0, "missing_branches": 0}, "missing_lines": [], "excluded_lines": [], "executed_branches": [], "missing_branches": []}}, "classes": {"": {"executed_lines": [1, 3, 7, 9], "summary": {"covered_lines": 3, "num_statements": 3, "percent_covered": 100.0, "percent_covered_display": "100.00", "missing_lines": 0, "excluded_lines": 0, "num_branches": 0, "num_partial_branches": 0, "covered_branches": 0, "missing_branches": 0}, "missing_lines": [], "excluded_lines": [], "executed_branches": [], "missing_branches": []}}}, "src/toonverter/utils/__init__.py": {"executed_lines": [1, 3, 4, 7], "summary": {"covered_lines": 3, "num_statements": 3, "percent_covered": 100.0, "percent_covered_display": "100.00", "missing_lines": 0, "excluded_lines": 0, "num_branches": 0, "num_partial_branches": 0, "covered_branches": 0, "missing_branches": 0}, "missing_lines": [], "excluded_lines": [], "executed_branches": [], "missing_branches": [], "functions": {"": {"executed_lines": [1, 3, 4, 7], "summary": {"covered_lines": 3, "num_statements": 3, "percent_covered": 100.0, "percent_covered_display": "100.00", "missing_lines": 0, "excluded_lines": 0, "num_branches": 0, "num_partial_branches": 0, "covered_branches": 0, "missing_branches": 0}, "missing_lines": [], "excluded_lines": [], "executed_branches": [], "missing_branches": []}}, "classes": {"": {"executed_lines": [1, 3, 4, 7], "summary": {"covered_lines": 3, "num_statements": 3, "percent_covered": 100.0, "percent_covered_display": "100.00", "missing_lines": 0, "excluded_lines": 0, "num_branches": 0, "num_partial_branches": 0, "covered_branches": 0, "missing_branches": 0}, "missing_lines": [], "excluded_lines": [], "executed_branches": [], "missing_branches": []}}}, "src/toonverter/utils/io.py": {"executed_lines": [1, 3, 5, 8, 20, 21, 22, 23, 24, 25, 28, 38, 39, 40, 41, 42, 43, 44], "summary": {"covered_lines": 17, "num_statements": 17, "percent_covered": 100.0, "percent_covered_display": "100.00", "missing_lines": 0, "excluded_lines": 0, "num_branches": 0, "num_partial_branches": 0, "covered_branches": 0, "missing_branches": 0}, "missing_lines": [], "excluded_lines": [], "executed_branches": [], "missing_branches": [], "functions": {"read_file": {"executed_lines": [20, 21, 22, 23, 24, 25], "summary": {"covered_lines": 6, "num_statements": 6, "percent_covered": 100.0, "percent_covered_display": "100.00", "missing_lines": 0, "excluded_lines": 0, "num_branches": 0, "num_partial_branches": 0, "covered_branches": 0, "missing_branches": 0}, "missing_lines": [], "excluded_lines": [], "executed_branches": [], "missing_branches": []}, "write_file": {"executed_lines": [38, 39, 40, 41, 42, 43, 44], "summary": {"covered_lines": 7, "num_statements": 7, "percent_covered": 100.0, "percent_covered_display": "100.00", "missing_lines": 0, "excluded_lines": 0, "num_branches": 0, "num_partial_branches": 0, "covered_branches": 0, "missing_branches": 0}, "missing_lines": [], "excluded_lines": [], "executed_branches": [], "missing_branches": []}, "": {"executed_lines": [1, 3, 5, 8, 28], "summary": {"covered_lines": 4, "num_statements": 4, "percent_covered": 100.0, "percent_covered_display": "100.00", "missing_lines": 0, "excluded_lines": 0, "num_branches": 0, "num_partial_branches": 0, "covered_branches": 0, "missing_branches": 0}, "missing_lines": [], "excluded_lines": [], "executed_branches": [], "missing_branches": []}}, "classes": {"": {"executed_lines": [1, 3, 5, 8, 20, 21, 22, 23, 24, 25, 28, 38, 39, 40, 41, 42, 43, 44], "summary": {"covered_lines": 17, "num_statements": 17, "percent_covered": 100.0, "percent_covered_display": "100.00", "missing_lines": 0, "excluded_lines": 0, "num_branches": 0, "num_partial_branches": 0, "covered_branches": 0, "missing_branches": 0}, "missing_lines": [], "excluded_lines": [], "executed_branches": [], "missing_branches": []}}}, "src/toonverter/utils/validation.py": {"executed_lines": [1, 3, 4, 6, 9, 21, 22, 23, 24, 25, 26, 27, 28, 31, 43, 44, 45, 46, 49, 58, 59, 60, 61, 62, 63], "summary": {"covered_lines": 24, "num_statements": 24, "percent_covered": 100.0, "percent_covered_display": "100.00", "missing_lines": 0, "excluded_lines": 0, "num_branches": 10, "num_partial_branches": 0, "covered_branches": 10, "missing_branches": 0}, "missing_lines": [], "excluded_lines": [], "executed_branches": [[22, 23], [22, 25], [25, 26], [25, 28], [43, 44], [43, 46], [58, 59], [58, 61], [61, -49], [61, 62]], "missing_branches": [], "functions": {"validate_file_exists": {"executed_lines": [21, 22, 23, 24, 25, 26, 27, 28], "summary": {"covered_lines": 8, "num_statements": 8, "percent_covered": 100.0, "percent_covered_display": "100.00", "missing_lines": 0, "excluded_lines": 0, "num_branches": 4, "num_partial_branches": 0, "covered_branches": 4, "missing_branches": 0}, "missing_lines": [], "excluded_lines": [], "executed_branches": [[22, 23], [22, 25], [25, 26], [25, 28]], "missing_branches": []}, "validate_format_name": {"executed_lines": [43, 44, 45, 46], "summary": {"covered_lines": 4, "num_statements": 4, "percent_covered": 100.0, "percent_covered_display": "100.00", "missing_lines": 0, "excluded_lines": 0, "num_branches": 2, "num_partial_branches": 0, "covered_branches": 2, "missing_branches": 0}, "missing_lines": [], "excluded_lines": [], "executed_branches": [[43, 44], [43, 46]], "missing_branches": []}, "validate_data_not_empty": {"executed_lines": [58, 59, 60, 61, 62, 63], "summary": {"covered_lines": 6, "num_statements": 6, "percent_covered": 100.0, "percent_covered_display": "100.00", "missing_lines": 0, "excluded_lines": 0, "num_branches": 4, "num_partial_branches": 0, "covered_branches": 4, "missing_branches": 0}, "missing_lines": [], "excluded_lines": [], "executed_branches": [[58, 59], [58, 61], [61, -49], [61, 62]], "missing_branches": []}, "": {"executed_lines": [1, 3, 4, 6, 9, 31, 49], "summary": {"covered_lines": 6, "num_statements": 6, "percent_covered": 100.0, "percent_covered_display": "100.00", "missing_lines": 0, "excluded_lines": 0, "num_branches": 0, "num_partial_branches": 0, "covered_branches": 0, "missing_branches": 0}, "missing_lines": [], "excluded_lines": [], "executed_branches": [], "missing_branches": []}}, "classes": {"": {"executed_lines": [1, 3, 4, 6, 9, 21, 22, 23, 24, 25, 26, 27, 28, 31, 43, 44, 45, 46, 49, 58, 59, 60, 61, 62, 63], "summary": {"covered_lines": 24, "num_statements": 24, "percent_covered": 100.0, "percent_covered_display": "100.00", "missing_lines": 0, "excluded_lines": 0, "num_branches": 10, "num_partial_branches": 0, "covered_branches": 10, "missing_branches": 0}, "missing_lines": [], "excluded_lines": [], "executed_branches": [[22, 23], [22, 25], [25, 26], [25, 28], [43, 44], [43, 46], [58, 59], [58, 61], [61, -49], [61, 62]], "missing_branches": []}}}}, "totals": {"covered_lines": 1497, "num_statements": 1793, "percent_covered": 81.02947281029473, "percent_covered_display": "81.03", "missing_lines": 296, "excluded_lines": 160, "num_branches": 616, "num_partial_branches": 91, "covered_branches": 455, "missing_branches": 161}}